mode: atomic
vigilprotector.io/netshield/internal/config/config.go:103.36,142.39 2 2
vigilprotector.io/netshield/internal/config/config.go:142.39,144.3 1 0
vigilprotector.io/netshield/internal/config/config.go:146.2,146.17 1 2
vigilprotector.io/netshield/internal/config/config.go:150.35,152.25 1 2
vigilprotector.io/netshield/internal/config/config.go:152.25,154.55 2 2
vigilprotector.io/netshield/internal/config/config.go:154.55,156.4 1 0
vigilprotector.io/netshield/internal/config/config.go:160.2,160.69 1 2
vigilprotector.io/netshield/internal/config/config.go:160.69,162.3 1 0
vigilprotector.io/netshield/internal/config/config.go:165.2,165.59 1 2
vigilprotector.io/netshield/internal/config/config.go:165.59,167.3 1 0
vigilprotector.io/netshield/internal/config/config.go:169.2,169.12 1 2
vigilprotector.io/netshield/internal/models/detection.go:127.53,129.11 1 10
vigilprotector.io/netshield/internal/models/detection.go:133.37,134.14 1 4
vigilprotector.io/netshield/internal/models/detection.go:135.10,136.15 1 6
vigilprotector.io/netshield/internal/models/detection.go:162.43,190.2 1 1
vigilprotector.io/netshield/internal/models/detection.go:193.54,195.16 2 1
vigilprotector.io/netshield/internal/models/detection.go:195.16,197.3 1 0
vigilprotector.io/netshield/internal/models/detection.go:199.2,200.16 2 1
vigilprotector.io/netshield/internal/models/detection.go:200.16,202.3 1 0
vigilprotector.io/netshield/internal/models/detection.go:204.2,205.16 2 1
vigilprotector.io/netshield/internal/models/detection.go:205.16,207.3 1 0
vigilprotector.io/netshield/internal/models/detection.go:209.2,235.8 1 1
vigilprotector.io/netshield/internal/models/detection.go:241.82,247.37 3 0
vigilprotector.io/netshield/internal/models/detection.go:247.37,252.3 1 0
vigilprotector.io/netshield/internal/models/detection.go:255.2,274.22 4 0
vigilprotector.io/netshield/internal/models/detection.go:274.22,276.3 1 0
vigilprotector.io/netshield/internal/models/detection.go:278.2,278.20 1 0
vigilprotector.io/netshield/internal/models/detection.go:278.20,280.3 1 0
vigilprotector.io/netshield/internal/models/detection.go:282.2,282.19 1 0
vigilprotector.io/netshield/internal/models/detection.go:282.19,284.3 1 0
vigilprotector.io/netshield/internal/models/detection.go:286.2,286.20 1 0
vigilprotector.io/netshield/internal/models/detection.go:286.20,288.3 1 0
vigilprotector.io/netshield/internal/models/detection.go:290.2,290.23 1 0
vigilprotector.io/netshield/internal/models/detection.go:290.23,292.3 1 0
vigilprotector.io/netshield/internal/models/detection.go:294.2,294.22 1 0
vigilprotector.io/netshield/internal/models/detection.go:294.22,296.3 1 0
vigilprotector.io/netshield/internal/models/detection.go:299.2,300.22 2 0
vigilprotector.io/netshield/internal/models/detection.go:300.22,302.3 1 0
vigilprotector.io/netshield/internal/models/detection.go:304.2,329.3 1 0
vigilprotector.io/netshield/internal/models/detection.go:333.57,334.18 1 0
vigilprotector.io/netshield/internal/models/detection.go:335.28,336.33 1 0
vigilprotector.io/netshield/internal/models/detection.go:337.24,338.29 1 0
vigilprotector.io/netshield/internal/models/detection.go:339.26,340.31 1 0
vigilprotector.io/netshield/internal/models/detection.go:341.23,342.28 1 0
vigilprotector.io/netshield/internal/models/detection.go:343.33,344.29 1 0
vigilprotector.io/netshield/internal/models/detection.go:347.2,347.28 1 0
vigilprotector.io/netshield/internal/models/detection.go:351.63,352.20 1 0
vigilprotector.io/netshield/internal/models/detection.go:353.22,354.13 1 0
vigilprotector.io/netshield/internal/models/detection.go:355.24,356.13 1 0
vigilprotector.io/netshield/internal/models/detection.go:357.21,358.13 1 0
vigilprotector.io/netshield/internal/models/detection.go:359.25,360.13 1 0
vigilprotector.io/netshield/internal/models/detection.go:363.2,363.12 1 0
vigilprotector.io/netshield/internal/models/detection.go:370.78,372.19 1 0
vigilprotector.io/netshield/internal/models/detection.go:373.31,374.47 1 0
vigilprotector.io/netshield/internal/models/detection.go:375.33,376.47 1 0
vigilprotector.io/netshield/internal/models/detection.go:377.41,378.45 1 0
vigilprotector.io/netshield/internal/models/detection.go:379.41,380.51 1 0
vigilprotector.io/netshield/internal/models/detection.go:383.2,383.46 1 0
vigilprotector.io/netshield/internal/models/finding.go:264.39,266.21 2 0
vigilprotector.io/netshield/internal/models/finding.go:266.21,271.3 1 0
vigilprotector.io/netshield/internal/models/finding.go:273.2,274.37 2 0
vigilprotector.io/netshield/internal/models/finding.go:274.37,281.3 1 0
vigilprotector.io/netshield/internal/models/finding.go:283.2,284.39 2 0
vigilprotector.io/netshield/internal/models/finding.go:284.39,286.3 1 0
vigilprotector.io/netshield/internal/models/finding.go:288.2,289.38 2 0
vigilprotector.io/netshield/internal/models/finding.go:289.38,291.3 1 0
vigilprotector.io/netshield/internal/models/finding.go:293.2,294.36 2 0
vigilprotector.io/netshield/internal/models/finding.go:294.36,296.3 1 0
vigilprotector.io/netshield/internal/models/finding.go:298.2,299.35 2 0
vigilprotector.io/netshield/internal/models/finding.go:299.35,301.3 1 0
vigilprotector.io/netshield/internal/models/finding.go:303.2,304.26 2 0
vigilprotector.io/netshield/internal/models/finding.go:304.26,308.3 1 0
vigilprotector.io/netshield/internal/models/finding.go:310.2,346.3 1 0
vigilprotector.io/netshield/internal/models/finding.go:350.50,352.16 2 0
vigilprotector.io/netshield/internal/models/finding.go:352.16,354.3 1 0
vigilprotector.io/netshield/internal/models/finding.go:356.2,357.16 2 0
vigilprotector.io/netshield/internal/models/finding.go:357.16,359.3 1 0
vigilprotector.io/netshield/internal/models/finding.go:361.2,362.16 2 0
vigilprotector.io/netshield/internal/models/finding.go:362.16,364.3 1 0
vigilprotector.io/netshield/internal/models/finding.go:366.2,368.21 2 0
vigilprotector.io/netshield/internal/models/finding.go:368.21,370.17 2 0
vigilprotector.io/netshield/internal/models/finding.go:370.17,372.4 1 0
vigilprotector.io/netshield/internal/models/finding.go:374.3,375.17 2 0
vigilprotector.io/netshield/internal/models/finding.go:375.17,377.4 1 0
vigilprotector.io/netshield/internal/models/finding.go:379.3,382.4 1 0
vigilprotector.io/netshield/internal/models/finding.go:385.2,386.37 2 0
vigilprotector.io/netshield/internal/models/finding.go:386.37,393.3 1 0
vigilprotector.io/netshield/internal/models/finding.go:395.2,397.38 2 0
vigilprotector.io/netshield/internal/models/finding.go:397.38,399.17 2 0
vigilprotector.io/netshield/internal/models/finding.go:399.17,401.4 1 0
vigilprotector.io/netshield/internal/models/finding.go:403.3,403.22 1 0
vigilprotector.io/netshield/internal/models/finding.go:406.2,408.37 2 0
vigilprotector.io/netshield/internal/models/finding.go:408.37,410.17 2 0
vigilprotector.io/netshield/internal/models/finding.go:410.17,412.4 1 0
vigilprotector.io/netshield/internal/models/finding.go:414.3,414.18 1 0
vigilprotector.io/netshield/internal/models/finding.go:417.2,419.35 2 0
vigilprotector.io/netshield/internal/models/finding.go:419.35,421.17 2 0
vigilprotector.io/netshield/internal/models/finding.go:421.17,423.4 1 0
vigilprotector.io/netshield/internal/models/finding.go:425.3,425.19 1 0
vigilprotector.io/netshield/internal/models/finding.go:428.2,430.34 2 0
vigilprotector.io/netshield/internal/models/finding.go:430.34,432.17 2 0
vigilprotector.io/netshield/internal/models/finding.go:432.17,434.4 1 0
vigilprotector.io/netshield/internal/models/finding.go:436.3,436.18 1 0
vigilprotector.io/netshield/internal/models/finding.go:439.2,440.26 2 0
vigilprotector.io/netshield/internal/models/finding.go:440.26,444.3 1 0
vigilprotector.io/netshield/internal/models/finding.go:446.2,482.8 1 0
vigilprotector.io/netshield/internal/models/ruleset.go:214.39,216.31 2 0
vigilprotector.io/netshield/internal/models/ruleset.go:216.31,223.3 1 0
vigilprotector.io/netshield/internal/models/ruleset.go:225.2,246.3 3 0
vigilprotector.io/netshield/internal/models/ruleset.go:250.50,252.16 2 0
vigilprotector.io/netshield/internal/models/ruleset.go:252.16,254.3 1 0
vigilprotector.io/netshield/internal/models/ruleset.go:256.2,257.16 2 0
vigilprotector.io/netshield/internal/models/ruleset.go:257.16,259.3 1 0
vigilprotector.io/netshield/internal/models/ruleset.go:261.2,262.31 2 0
vigilprotector.io/netshield/internal/models/ruleset.go:262.31,269.3 1 0
vigilprotector.io/netshield/internal/models/ruleset.go:271.2,288.8 1 0
vigilprotector.io/netshield/internal/models/ruleset.go:292.33,307.2 1 0
vigilprotector.io/netshield/internal/models/sensor.go:99.37,113.2 1 0
vigilprotector.io/netshield/internal/models/sensor.go:116.48,118.16 2 0
vigilprotector.io/netshield/internal/models/sensor.go:118.16,120.3 1 0
vigilprotector.io/netshield/internal/models/sensor.go:122.2,123.16 2 0
vigilprotector.io/netshield/internal/models/sensor.go:123.16,125.3 1 0
vigilprotector.io/netshield/internal/models/sensor.go:127.2,128.16 2 0
vigilprotector.io/netshield/internal/models/sensor.go:128.16,130.3 1 0
vigilprotector.io/netshield/internal/models/sensor.go:132.2,144.8 1 0
vigilprotector.io/netshield/internal/client/aegis.go:30.93,36.2 1 10
vigilprotector.io/netshield/internal/client/aegis.go:42.38,53.16 5 5
vigilprotector.io/netshield/internal/client/aegis.go:53.16,55.3 1 1
vigilprotector.io/netshield/internal/client/aegis.go:57.2,57.44 1 4
vigilprotector.io/netshield/internal/client/aegis.go:57.44,59.3 1 1
vigilprotector.io/netshield/internal/client/aegis.go:61.2,61.38 1 3
vigilprotector.io/netshield/internal/client/aegis.go:61.38,65.3 1 1
vigilprotector.io/netshield/internal/client/aegis.go:67.2,72.16 3 2
vigilprotector.io/netshield/internal/client/aegis.go:72.16,74.3 1 1
vigilprotector.io/netshield/internal/client/aegis.go:76.2,76.28 1 1
vigilprotector.io/netshield/internal/client/aegis.go:83.38,94.16 5 5
vigilprotector.io/netshield/internal/client/aegis.go:94.16,96.3 1 1
vigilprotector.io/netshield/internal/client/aegis.go:98.2,98.44 1 4
vigilprotector.io/netshield/internal/client/aegis.go:98.44,100.3 1 1
vigilprotector.io/netshield/internal/client/aegis.go:102.2,102.38 1 3
vigilprotector.io/netshield/internal/client/aegis.go:102.38,106.3 1 1
vigilprotector.io/netshield/internal/client/aegis.go:108.2,113.16 3 2
vigilprotector.io/netshield/internal/client/aegis.go:113.16,115.3 1 1
vigilprotector.io/netshield/internal/client/aegis.go:117.2,117.28 1 1
vigilprotector.io/netshield/internal/client/httpclient_adapter.go:19.73,21.2 1 3
vigilprotector.io/netshield/internal/client/httpclient_adapter.go:24.86,25.21 1 1
vigilprotector.io/netshield/internal/client/httpclient_adapter.go:25.21,27.3 1 1
vigilprotector.io/netshield/internal/client/httpclient_adapter.go:29.2,30.16 2 0
vigilprotector.io/netshield/internal/client/httpclient_adapter.go:30.16,32.3 1 0
vigilprotector.io/netshield/internal/client/httpclient_adapter.go:34.2,37.8 1 0
vigilprotector.io/netshield/internal/client/httpclient_adapter.go:45.41,47.2 1 1
vigilprotector.io/netshield/internal/client/httpclient_adapter.go:51.93,60.2 3 1
vigilprotector.io/netshield/internal/client/netatlas.go:26.99,32.2 1 12
vigilprotector.io/netshield/internal/client/netatlas.go:40.37,52.16 5 4
vigilprotector.io/netshield/internal/client/netatlas.go:52.16,54.3 1 0
vigilprotector.io/netshield/internal/client/netatlas.go:56.2,56.44 1 4
vigilprotector.io/netshield/internal/client/netatlas.go:56.44,58.3 1 0
vigilprotector.io/netshield/internal/client/netatlas.go:60.2,60.38 1 4
vigilprotector.io/netshield/internal/client/netatlas.go:60.38,64.3 1 1
vigilprotector.io/netshield/internal/client/netatlas.go:66.2,67.59 2 3
vigilprotector.io/netshield/internal/client/netatlas.go:67.59,69.3 1 1
vigilprotector.io/netshield/internal/client/netatlas.go:71.2,71.21 1 2
vigilprotector.io/netshield/internal/client/netatlas.go:79.37,90.16 5 4
vigilprotector.io/netshield/internal/client/netatlas.go:90.16,92.3 1 0
vigilprotector.io/netshield/internal/client/netatlas.go:94.2,94.44 1 4
vigilprotector.io/netshield/internal/client/netatlas.go:94.44,96.3 1 1
vigilprotector.io/netshield/internal/client/netatlas.go:98.2,98.38 1 3
vigilprotector.io/netshield/internal/client/netatlas.go:98.38,102.3 1 1
vigilprotector.io/netshield/internal/client/netatlas.go:104.2,105.59 2 2
vigilprotector.io/netshield/internal/client/netatlas.go:105.59,107.3 1 1
vigilprotector.io/netshield/internal/client/netatlas.go:109.2,109.21 1 1
vigilprotector.io/netshield/internal/client/netatlas.go:116.41,126.16 5 4
vigilprotector.io/netshield/internal/client/netatlas.go:126.16,128.3 1 0
vigilprotector.io/netshield/internal/client/netatlas.go:130.2,130.44 1 4
vigilprotector.io/netshield/internal/client/netatlas.go:130.44,132.3 1 1
vigilprotector.io/netshield/internal/client/netatlas.go:134.2,134.38 1 3
vigilprotector.io/netshield/internal/client/netatlas.go:134.38,138.3 1 1
vigilprotector.io/netshield/internal/client/netatlas.go:140.2,141.59 2 2
vigilprotector.io/netshield/internal/client/netatlas.go:141.59,143.3 1 1
vigilprotector.io/netshield/internal/client/netatlas.go:145.2,145.21 1 1
vigilprotector.io/netshield/internal/client/netsentinel.go:26.105,32.2 1 12
vigilprotector.io/netshield/internal/client/netsentinel.go:39.41,50.16 5 4
vigilprotector.io/netshield/internal/client/netsentinel.go:50.16,52.3 1 0
vigilprotector.io/netshield/internal/client/netsentinel.go:54.2,54.44 1 4
vigilprotector.io/netshield/internal/client/netsentinel.go:54.44,56.3 1 1
vigilprotector.io/netshield/internal/client/netsentinel.go:58.2,58.38 1 3
vigilprotector.io/netshield/internal/client/netsentinel.go:58.38,62.3 1 1
vigilprotector.io/netshield/internal/client/netsentinel.go:64.2,65.59 2 2
vigilprotector.io/netshield/internal/client/netsentinel.go:65.59,67.3 1 1
vigilprotector.io/netshield/internal/client/netsentinel.go:69.2,69.21 1 1
vigilprotector.io/netshield/internal/client/netsentinel.go:77.44,88.16 5 4
vigilprotector.io/netshield/internal/client/netsentinel.go:88.16,90.3 1 0
vigilprotector.io/netshield/internal/client/netsentinel.go:92.2,92.44 1 4
vigilprotector.io/netshield/internal/client/netsentinel.go:92.44,94.3 1 1
vigilprotector.io/netshield/internal/client/netsentinel.go:96.2,96.38 1 3
vigilprotector.io/netshield/internal/client/netsentinel.go:96.38,100.3 1 1
vigilprotector.io/netshield/internal/client/netsentinel.go:102.2,103.59 2 2
vigilprotector.io/netshield/internal/client/netsentinel.go:103.59,105.3 1 1
vigilprotector.io/netshield/internal/client/netsentinel.go:107.2,107.21 1 1
vigilprotector.io/netshield/internal/client/netsentinel.go:115.41,126.16 5 4
vigilprotector.io/netshield/internal/client/netsentinel.go:126.16,128.3 1 0
vigilprotector.io/netshield/internal/client/netsentinel.go:130.2,130.44 1 4
vigilprotector.io/netshield/internal/client/netsentinel.go:130.44,132.3 1 1
vigilprotector.io/netshield/internal/client/netsentinel.go:134.2,134.38 1 3
vigilprotector.io/netshield/internal/client/netsentinel.go:134.38,138.3 1 1
vigilprotector.io/netshield/internal/client/netsentinel.go:140.2,141.59 2 2
vigilprotector.io/netshield/internal/client/netsentinel.go:141.59,143.3 1 1
vigilprotector.io/netshield/internal/client/netsentinel.go:145.2,145.21 1 1
vigilprotector.io/netshield/internal/http/handler/detection.go:27.87,31.2 1 0
vigilprotector.io/netshield/internal/http/handler/detection.go:54.59,65.16 6 3
vigilprotector.io/netshield/internal/http/handler/detection.go:65.16,70.3 3 0
vigilprotector.io/netshield/internal/http/handler/detection.go:73.2,83.21 3 3
vigilprotector.io/netshield/internal/http/handler/detection.go:83.21,88.3 3 0
vigilprotector.io/netshield/internal/http/handler/detection.go:90.2,90.21 1 3
vigilprotector.io/netshield/internal/http/handler/detection.go:90.21,95.3 3 2
vigilprotector.io/netshield/internal/http/handler/detection.go:98.2,99.53 2 1
vigilprotector.io/netshield/internal/http/handler/detection.go:99.53,101.3 1 0
vigilprotector.io/netshield/internal/http/handler/detection.go:103.2,103.53 1 1
vigilprotector.io/netshield/internal/http/handler/detection.go:103.53,105.3 1 0
vigilprotector.io/netshield/internal/http/handler/detection.go:107.2,107.56 1 1
vigilprotector.io/netshield/internal/http/handler/detection.go:107.56,109.3 1 0
vigilprotector.io/netshield/internal/http/handler/detection.go:111.2,111.47 1 1
vigilprotector.io/netshield/internal/http/handler/detection.go:111.47,113.3 1 0
vigilprotector.io/netshield/internal/http/handler/detection.go:115.2,115.56 1 1
vigilprotector.io/netshield/internal/http/handler/detection.go:115.56,117.3 1 0
vigilprotector.io/netshield/internal/http/handler/detection.go:119.2,119.53 1 1
vigilprotector.io/netshield/internal/http/handler/detection.go:119.53,121.3 1 0
vigilprotector.io/netshield/internal/http/handler/detection.go:123.2,123.56 1 1
vigilprotector.io/netshield/internal/http/handler/detection.go:123.56,125.3 1 0
vigilprotector.io/netshield/internal/http/handler/detection.go:127.2,127.50 1 1
vigilprotector.io/netshield/internal/http/handler/detection.go:127.50,129.3 1 0
vigilprotector.io/netshield/internal/http/handler/detection.go:131.2,133.36 2 1
vigilprotector.io/netshield/internal/http/handler/detection.go:133.36,134.62 1 0
vigilprotector.io/netshield/internal/http/handler/detection.go:134.62,136.4 1 0
vigilprotector.io/netshield/internal/http/handler/detection.go:139.2,141.37 2 1
vigilprotector.io/netshield/internal/http/handler/detection.go:141.37,142.62 1 0
vigilprotector.io/netshield/internal/http/handler/detection.go:142.62,144.4 1 0
vigilprotector.io/netshield/internal/http/handler/detection.go:147.2,155.16 3 1
vigilprotector.io/netshield/internal/http/handler/detection.go:155.16,160.3 3 0
vigilprotector.io/netshield/internal/http/handler/detection.go:163.2,164.33 2 1
vigilprotector.io/netshield/internal/http/handler/detection.go:164.33,166.3 1 0
vigilprotector.io/netshield/internal/http/handler/detection.go:169.2,170.90 2 1
vigilprotector.io/netshield/internal/http/handler/detection.go:186.57,197.16 6 2
vigilprotector.io/netshield/internal/http/handler/detection.go:197.16,202.3 3 0
vigilprotector.io/netshield/internal/http/handler/detection.go:205.2,206.23 2 2
vigilprotector.io/netshield/internal/http/handler/detection.go:206.23,211.3 3 0
vigilprotector.io/netshield/internal/http/handler/detection.go:214.2,225.21 3 2
vigilprotector.io/netshield/internal/http/handler/detection.go:225.21,230.3 3 0
vigilprotector.io/netshield/internal/http/handler/detection.go:232.2,232.21 1 2
vigilprotector.io/netshield/internal/http/handler/detection.go:232.21,237.3 3 1
vigilprotector.io/netshield/internal/http/handler/detection.go:240.2,241.16 2 1
vigilprotector.io/netshield/internal/http/handler/detection.go:241.16,246.3 3 0
vigilprotector.io/netshield/internal/http/handler/detection.go:248.2,248.22 1 1
vigilprotector.io/netshield/internal/http/handler/detection.go:248.22,251.3 2 0
vigilprotector.io/netshield/internal/http/handler/detection.go:254.2,255.96 2 1
vigilprotector.io/netshield/internal/http/handler/detection.go:272.60,283.16 6 2
vigilprotector.io/netshield/internal/http/handler/detection.go:283.16,288.3 3 0
vigilprotector.io/netshield/internal/http/handler/detection.go:291.2,301.21 3 2
vigilprotector.io/netshield/internal/http/handler/detection.go:301.21,306.3 3 0
vigilprotector.io/netshield/internal/http/handler/detection.go:308.2,308.21 1 2
vigilprotector.io/netshield/internal/http/handler/detection.go:308.21,313.3 3 1
vigilprotector.io/netshield/internal/http/handler/detection.go:316.2,317.47 2 1
vigilprotector.io/netshield/internal/http/handler/detection.go:317.47,322.3 3 1
vigilprotector.io/netshield/internal/http/handler/detection.go:325.2,326.16 2 0
vigilprotector.io/netshield/internal/http/handler/detection.go:326.16,331.3 3 0
vigilprotector.io/netshield/internal/http/handler/detection.go:334.2,335.16 2 0
vigilprotector.io/netshield/internal/http/handler/detection.go:335.16,339.56 2 0
vigilprotector.io/netshield/internal/http/handler/detection.go:339.56,342.4 2 0
vigilprotector.io/netshield/internal/http/handler/detection.go:344.3,346.9 2 0
vigilprotector.io/netshield/internal/http/handler/detection.go:350.2,351.99 2 0
vigilprotector.io/netshield/internal/http/handler/detection.go:368.61,379.16 6 2
vigilprotector.io/netshield/internal/http/handler/detection.go:379.16,384.3 3 0
vigilprotector.io/netshield/internal/http/handler/detection.go:387.2,388.23 2 2
vigilprotector.io/netshield/internal/http/handler/detection.go:388.23,393.3 3 0
vigilprotector.io/netshield/internal/http/handler/detection.go:396.2,407.21 3 2
vigilprotector.io/netshield/internal/http/handler/detection.go:407.21,412.3 3 0
vigilprotector.io/netshield/internal/http/handler/detection.go:414.2,414.21 1 2
vigilprotector.io/netshield/internal/http/handler/detection.go:414.21,419.3 3 1
vigilprotector.io/netshield/internal/http/handler/detection.go:422.2,423.16 2 1
vigilprotector.io/netshield/internal/http/handler/detection.go:423.16,427.51 2 0
vigilprotector.io/netshield/internal/http/handler/detection.go:427.51,430.4 2 0
vigilprotector.io/netshield/internal/http/handler/detection.go:432.3,432.59 1 0
vigilprotector.io/netshield/internal/http/handler/detection.go:432.59,435.4 2 0
vigilprotector.io/netshield/internal/http/handler/detection.go:437.3,439.9 2 0
vigilprotector.io/netshield/internal/http/handler/detection.go:443.2,444.94 2 1
vigilprotector.io/netshield/internal/http/handler/detection.go:461.60,472.16 6 2
vigilprotector.io/netshield/internal/http/handler/detection.go:472.16,477.3 3 0
vigilprotector.io/netshield/internal/http/handler/detection.go:480.2,481.23 2 2
vigilprotector.io/netshield/internal/http/handler/detection.go:481.23,486.3 3 0
vigilprotector.io/netshield/internal/http/handler/detection.go:489.2,500.21 3 2
vigilprotector.io/netshield/internal/http/handler/detection.go:500.21,505.3 3 0
vigilprotector.io/netshield/internal/http/handler/detection.go:507.2,507.21 1 2
vigilprotector.io/netshield/internal/http/handler/detection.go:507.21,512.3 3 1
vigilprotector.io/netshield/internal/http/handler/detection.go:515.2,516.16 2 1
vigilprotector.io/netshield/internal/http/handler/detection.go:516.16,520.51 2 0
vigilprotector.io/netshield/internal/http/handler/detection.go:520.51,523.4 2 0
vigilprotector.io/netshield/internal/http/handler/detection.go:525.3,527.9 2 0
vigilprotector.io/netshield/internal/http/handler/detection.go:531.2,532.92 2 1
vigilprotector.io/netshield/internal/http/handler/detection.go:557.66,568.16 6 2
vigilprotector.io/netshield/internal/http/handler/detection.go:568.16,573.3 3 0
vigilprotector.io/netshield/internal/http/handler/detection.go:576.2,577.20 2 2
vigilprotector.io/netshield/internal/http/handler/detection.go:577.20,582.3 3 0
vigilprotector.io/netshield/internal/http/handler/detection.go:585.2,596.21 3 2
vigilprotector.io/netshield/internal/http/handler/detection.go:596.21,601.3 3 0
vigilprotector.io/netshield/internal/http/handler/detection.go:603.2,603.21 1 2
vigilprotector.io/netshield/internal/http/handler/detection.go:603.21,608.3 3 1
vigilprotector.io/netshield/internal/http/handler/detection.go:611.2,612.53 2 1
vigilprotector.io/netshield/internal/http/handler/detection.go:612.53,614.3 1 0
vigilprotector.io/netshield/internal/http/handler/detection.go:616.2,616.56 1 1
vigilprotector.io/netshield/internal/http/handler/detection.go:616.56,618.3 1 0
vigilprotector.io/netshield/internal/http/handler/detection.go:620.2,620.47 1 1
vigilprotector.io/netshield/internal/http/handler/detection.go:620.47,622.3 1 0
vigilprotector.io/netshield/internal/http/handler/detection.go:624.2,624.56 1 1
vigilprotector.io/netshield/internal/http/handler/detection.go:624.56,626.3 1 0
vigilprotector.io/netshield/internal/http/handler/detection.go:628.2,628.53 1 1
vigilprotector.io/netshield/internal/http/handler/detection.go:628.53,630.3 1 0
vigilprotector.io/netshield/internal/http/handler/detection.go:632.2,632.56 1 1
vigilprotector.io/netshield/internal/http/handler/detection.go:632.56,634.3 1 0
vigilprotector.io/netshield/internal/http/handler/detection.go:636.2,636.50 1 1
vigilprotector.io/netshield/internal/http/handler/detection.go:636.50,638.3 1 0
vigilprotector.io/netshield/internal/http/handler/detection.go:640.2,642.36 2 1
vigilprotector.io/netshield/internal/http/handler/detection.go:642.36,643.62 1 0
vigilprotector.io/netshield/internal/http/handler/detection.go:643.62,645.4 1 0
vigilprotector.io/netshield/internal/http/handler/detection.go:648.2,650.37 2 1
vigilprotector.io/netshield/internal/http/handler/detection.go:650.37,651.62 1 0
vigilprotector.io/netshield/internal/http/handler/detection.go:651.62,653.4 1 0
vigilprotector.io/netshield/internal/http/handler/detection.go:656.2,664.16 3 1
vigilprotector.io/netshield/internal/http/handler/detection.go:664.16,669.3 3 0
vigilprotector.io/netshield/internal/http/handler/detection.go:672.2,673.33 2 1
vigilprotector.io/netshield/internal/http/handler/detection.go:673.33,675.3 1 0
vigilprotector.io/netshield/internal/http/handler/detection.go:678.2,679.103 2 1
vigilprotector.io/netshield/internal/http/handler/detection.go:704.66,715.16 6 2
vigilprotector.io/netshield/internal/http/handler/detection.go:715.16,720.3 3 0
vigilprotector.io/netshield/internal/http/handler/detection.go:723.2,724.20 2 2
vigilprotector.io/netshield/internal/http/handler/detection.go:724.20,729.3 3 0
vigilprotector.io/netshield/internal/http/handler/detection.go:732.2,743.21 3 2
vigilprotector.io/netshield/internal/http/handler/detection.go:743.21,748.3 3 0
vigilprotector.io/netshield/internal/http/handler/detection.go:750.2,750.21 1 2
vigilprotector.io/netshield/internal/http/handler/detection.go:750.21,755.3 3 1
vigilprotector.io/netshield/internal/http/handler/detection.go:758.2,759.53 2 1
vigilprotector.io/netshield/internal/http/handler/detection.go:759.53,761.3 1 0
vigilprotector.io/netshield/internal/http/handler/detection.go:763.2,763.56 1 1
vigilprotector.io/netshield/internal/http/handler/detection.go:763.56,765.3 1 0
vigilprotector.io/netshield/internal/http/handler/detection.go:767.2,767.47 1 1
vigilprotector.io/netshield/internal/http/handler/detection.go:767.47,769.3 1 0
vigilprotector.io/netshield/internal/http/handler/detection.go:771.2,771.56 1 1
vigilprotector.io/netshield/internal/http/handler/detection.go:771.56,773.3 1 0
vigilprotector.io/netshield/internal/http/handler/detection.go:775.2,775.53 1 1
vigilprotector.io/netshield/internal/http/handler/detection.go:775.53,777.3 1 0
vigilprotector.io/netshield/internal/http/handler/detection.go:779.2,779.56 1 1
vigilprotector.io/netshield/internal/http/handler/detection.go:779.56,781.3 1 0
vigilprotector.io/netshield/internal/http/handler/detection.go:783.2,783.50 1 1
vigilprotector.io/netshield/internal/http/handler/detection.go:783.50,785.3 1 0
vigilprotector.io/netshield/internal/http/handler/detection.go:787.2,789.36 2 1
vigilprotector.io/netshield/internal/http/handler/detection.go:789.36,790.62 1 0
vigilprotector.io/netshield/internal/http/handler/detection.go:790.62,792.4 1 0
vigilprotector.io/netshield/internal/http/handler/detection.go:795.2,797.37 2 1
vigilprotector.io/netshield/internal/http/handler/detection.go:797.37,798.62 1 0
vigilprotector.io/netshield/internal/http/handler/detection.go:798.62,800.4 1 0
vigilprotector.io/netshield/internal/http/handler/detection.go:803.2,811.16 3 1
vigilprotector.io/netshield/internal/http/handler/detection.go:811.16,816.3 3 0
vigilprotector.io/netshield/internal/http/handler/detection.go:819.2,820.33 2 1
vigilprotector.io/netshield/internal/http/handler/detection.go:820.33,822.3 1 0
vigilprotector.io/netshield/internal/http/handler/detection.go:825.2,826.103 2 1
vigilprotector.io/netshield/internal/http/handler/detection.go:851.67,862.16 6 2
vigilprotector.io/netshield/internal/http/handler/detection.go:862.16,867.3 3 0
vigilprotector.io/netshield/internal/http/handler/detection.go:870.2,871.21 2 2
vigilprotector.io/netshield/internal/http/handler/detection.go:871.21,876.3 3 0
vigilprotector.io/netshield/internal/http/handler/detection.go:879.2,890.21 3 2
vigilprotector.io/netshield/internal/http/handler/detection.go:890.21,895.3 3 0
vigilprotector.io/netshield/internal/http/handler/detection.go:897.2,897.21 1 2
vigilprotector.io/netshield/internal/http/handler/detection.go:897.21,902.3 3 1
vigilprotector.io/netshield/internal/http/handler/detection.go:905.2,906.53 2 1
vigilprotector.io/netshield/internal/http/handler/detection.go:906.53,908.3 1 0
vigilprotector.io/netshield/internal/http/handler/detection.go:910.2,910.53 1 1
vigilprotector.io/netshield/internal/http/handler/detection.go:910.53,912.3 1 0
vigilprotector.io/netshield/internal/http/handler/detection.go:914.2,914.47 1 1
vigilprotector.io/netshield/internal/http/handler/detection.go:914.47,916.3 1 0
vigilprotector.io/netshield/internal/http/handler/detection.go:918.2,918.56 1 1
vigilprotector.io/netshield/internal/http/handler/detection.go:918.56,920.3 1 0
vigilprotector.io/netshield/internal/http/handler/detection.go:922.2,922.53 1 1
vigilprotector.io/netshield/internal/http/handler/detection.go:922.53,924.3 1 0
vigilprotector.io/netshield/internal/http/handler/detection.go:926.2,926.56 1 1
vigilprotector.io/netshield/internal/http/handler/detection.go:926.56,928.3 1 0
vigilprotector.io/netshield/internal/http/handler/detection.go:930.2,930.50 1 1
vigilprotector.io/netshield/internal/http/handler/detection.go:930.50,932.3 1 0
vigilprotector.io/netshield/internal/http/handler/detection.go:934.2,936.36 2 1
vigilprotector.io/netshield/internal/http/handler/detection.go:936.36,937.62 1 0
vigilprotector.io/netshield/internal/http/handler/detection.go:937.62,939.4 1 0
vigilprotector.io/netshield/internal/http/handler/detection.go:942.2,944.37 2 1
vigilprotector.io/netshield/internal/http/handler/detection.go:944.37,945.62 1 0
vigilprotector.io/netshield/internal/http/handler/detection.go:945.62,947.4 1 0
vigilprotector.io/netshield/internal/http/handler/detection.go:950.2,958.16 3 1
vigilprotector.io/netshield/internal/http/handler/detection.go:958.16,963.3 3 0
vigilprotector.io/netshield/internal/http/handler/detection.go:966.2,967.33 2 1
vigilprotector.io/netshield/internal/http/handler/detection.go:967.33,969.3 1 0
vigilprotector.io/netshield/internal/http/handler/detection.go:972.2,973.105 2 1
vigilprotector.io/netshield/internal/http/handler/detection.go:998.64,1009.16 6 2
vigilprotector.io/netshield/internal/http/handler/detection.go:1009.16,1014.3 3 0
vigilprotector.io/netshield/internal/http/handler/detection.go:1017.2,1018.18 2 2
vigilprotector.io/netshield/internal/http/handler/detection.go:1018.18,1023.3 3 0
vigilprotector.io/netshield/internal/http/handler/detection.go:1026.2,1037.21 3 2
vigilprotector.io/netshield/internal/http/handler/detection.go:1037.21,1042.3 3 0
vigilprotector.io/netshield/internal/http/handler/detection.go:1044.2,1044.21 1 2
vigilprotector.io/netshield/internal/http/handler/detection.go:1044.21,1049.3 3 1
vigilprotector.io/netshield/internal/http/handler/detection.go:1052.2,1053.53 2 1
vigilprotector.io/netshield/internal/http/handler/detection.go:1053.53,1055.3 1 0
vigilprotector.io/netshield/internal/http/handler/detection.go:1057.2,1057.53 1 1
vigilprotector.io/netshield/internal/http/handler/detection.go:1057.53,1059.3 1 0
vigilprotector.io/netshield/internal/http/handler/detection.go:1061.2,1061.56 1 1
vigilprotector.io/netshield/internal/http/handler/detection.go:1061.56,1063.3 1 0
vigilprotector.io/netshield/internal/http/handler/detection.go:1065.2,1065.56 1 1
vigilprotector.io/netshield/internal/http/handler/detection.go:1065.56,1067.3 1 0
vigilprotector.io/netshield/internal/http/handler/detection.go:1069.2,1069.53 1 1
vigilprotector.io/netshield/internal/http/handler/detection.go:1069.53,1071.3 1 0
vigilprotector.io/netshield/internal/http/handler/detection.go:1073.2,1073.56 1 1
vigilprotector.io/netshield/internal/http/handler/detection.go:1073.56,1075.3 1 0
vigilprotector.io/netshield/internal/http/handler/detection.go:1077.2,1077.50 1 1
vigilprotector.io/netshield/internal/http/handler/detection.go:1077.50,1079.3 1 0
vigilprotector.io/netshield/internal/http/handler/detection.go:1081.2,1083.36 2 1
vigilprotector.io/netshield/internal/http/handler/detection.go:1083.36,1084.62 1 0
vigilprotector.io/netshield/internal/http/handler/detection.go:1084.62,1086.4 1 0
vigilprotector.io/netshield/internal/http/handler/detection.go:1089.2,1091.37 2 1
vigilprotector.io/netshield/internal/http/handler/detection.go:1091.37,1092.62 1 0
vigilprotector.io/netshield/internal/http/handler/detection.go:1092.62,1094.4 1 0
vigilprotector.io/netshield/internal/http/handler/detection.go:1097.2,1105.16 3 1
vigilprotector.io/netshield/internal/http/handler/detection.go:1105.16,1110.3 3 0
vigilprotector.io/netshield/internal/http/handler/detection.go:1113.2,1114.33 2 1
vigilprotector.io/netshield/internal/http/handler/detection.go:1114.33,1116.3 1 0
vigilprotector.io/netshield/internal/http/handler/detection.go:1119.2,1120.101 2 1
vigilprotector.io/netshield/internal/http/handler/detection.go:1144.69,1155.16 6 2
vigilprotector.io/netshield/internal/http/handler/detection.go:1155.16,1160.3 3 0
vigilprotector.io/netshield/internal/http/handler/detection.go:1163.2,1173.21 3 2
vigilprotector.io/netshield/internal/http/handler/detection.go:1173.21,1178.3 3 0
vigilprotector.io/netshield/internal/http/handler/detection.go:1180.2,1180.21 1 2
vigilprotector.io/netshield/internal/http/handler/detection.go:1180.21,1185.3 3 1
vigilprotector.io/netshield/internal/http/handler/detection.go:1188.2,1189.53 2 1
vigilprotector.io/netshield/internal/http/handler/detection.go:1189.53,1191.3 1 0
vigilprotector.io/netshield/internal/http/handler/detection.go:1193.2,1193.53 1 1
vigilprotector.io/netshield/internal/http/handler/detection.go:1193.53,1195.3 1 0
vigilprotector.io/netshield/internal/http/handler/detection.go:1197.2,1197.56 1 1
vigilprotector.io/netshield/internal/http/handler/detection.go:1197.56,1199.3 1 0
vigilprotector.io/netshield/internal/http/handler/detection.go:1201.2,1201.47 1 1
vigilprotector.io/netshield/internal/http/handler/detection.go:1201.47,1203.3 1 0
vigilprotector.io/netshield/internal/http/handler/detection.go:1205.2,1205.56 1 1
vigilprotector.io/netshield/internal/http/handler/detection.go:1205.56,1207.3 1 0
vigilprotector.io/netshield/internal/http/handler/detection.go:1209.2,1209.53 1 1
vigilprotector.io/netshield/internal/http/handler/detection.go:1209.53,1211.3 1 0
vigilprotector.io/netshield/internal/http/handler/detection.go:1213.2,1213.56 1 1
vigilprotector.io/netshield/internal/http/handler/detection.go:1213.56,1215.3 1 0
vigilprotector.io/netshield/internal/http/handler/detection.go:1217.2,1217.50 1 1
vigilprotector.io/netshield/internal/http/handler/detection.go:1217.50,1219.3 1 0
vigilprotector.io/netshield/internal/http/handler/detection.go:1221.2,1223.36 2 1
vigilprotector.io/netshield/internal/http/handler/detection.go:1223.36,1224.62 1 0
vigilprotector.io/netshield/internal/http/handler/detection.go:1224.62,1226.4 1 0
vigilprotector.io/netshield/internal/http/handler/detection.go:1229.2,1231.37 2 1
vigilprotector.io/netshield/internal/http/handler/detection.go:1231.37,1232.62 1 0
vigilprotector.io/netshield/internal/http/handler/detection.go:1232.62,1234.4 1 0
vigilprotector.io/netshield/internal/http/handler/detection.go:1237.2,1245.16 3 1
vigilprotector.io/netshield/internal/http/handler/detection.go:1245.16,1250.3 3 0
vigilprotector.io/netshield/internal/http/handler/detection.go:1253.2,1254.33 2 1
vigilprotector.io/netshield/internal/http/handler/detection.go:1254.33,1256.3 1 0
vigilprotector.io/netshield/internal/http/handler/detection.go:1259.2,1260.105 2 1
vigilprotector.io/netshield/internal/http/handler/finding.go:29.81,33.2 1 0
vigilprotector.io/netshield/internal/http/handler/finding.go:58.55,69.16 6 3
vigilprotector.io/netshield/internal/http/handler/finding.go:69.16,74.3 3 0
vigilprotector.io/netshield/internal/http/handler/finding.go:77.2,87.21 3 3
vigilprotector.io/netshield/internal/http/handler/finding.go:87.21,92.3 3 0
vigilprotector.io/netshield/internal/http/handler/finding.go:94.2,94.21 1 3
vigilprotector.io/netshield/internal/http/handler/finding.go:94.21,99.3 3 2
vigilprotector.io/netshield/internal/http/handler/finding.go:102.2,103.62 2 1
vigilprotector.io/netshield/internal/http/handler/finding.go:103.62,105.3 1 0
vigilprotector.io/netshield/internal/http/handler/finding.go:107.2,107.68 1 1
vigilprotector.io/netshield/internal/http/handler/finding.go:107.68,109.3 1 0
vigilprotector.io/netshield/internal/http/handler/finding.go:111.2,111.50 1 1
vigilprotector.io/netshield/internal/http/handler/finding.go:111.50,113.3 1 0
vigilprotector.io/netshield/internal/http/handler/finding.go:115.2,115.53 1 1
vigilprotector.io/netshield/internal/http/handler/finding.go:115.53,117.3 1 0
vigilprotector.io/netshield/internal/http/handler/finding.go:119.2,119.53 1 1
vigilprotector.io/netshield/internal/http/handler/finding.go:119.53,121.3 1 0
vigilprotector.io/netshield/internal/http/handler/finding.go:123.2,123.56 1 1
vigilprotector.io/netshield/internal/http/handler/finding.go:123.56,125.3 1 0
vigilprotector.io/netshield/internal/http/handler/finding.go:127.2,127.65 1 1
vigilprotector.io/netshield/internal/http/handler/finding.go:127.65,129.3 1 0
vigilprotector.io/netshield/internal/http/handler/finding.go:131.2,131.56 1 1
vigilprotector.io/netshield/internal/http/handler/finding.go:131.56,133.3 1 0
vigilprotector.io/netshield/internal/http/handler/finding.go:135.2,135.56 1 1
vigilprotector.io/netshield/internal/http/handler/finding.go:135.56,137.3 1 0
vigilprotector.io/netshield/internal/http/handler/finding.go:139.2,139.50 1 1
vigilprotector.io/netshield/internal/http/handler/finding.go:139.50,141.3 1 0
vigilprotector.io/netshield/internal/http/handler/finding.go:143.2,145.36 2 1
vigilprotector.io/netshield/internal/http/handler/finding.go:145.36,146.62 1 0
vigilprotector.io/netshield/internal/http/handler/finding.go:146.62,148.4 1 0
vigilprotector.io/netshield/internal/http/handler/finding.go:151.2,153.37 2 1
vigilprotector.io/netshield/internal/http/handler/finding.go:153.37,154.62 1 0
vigilprotector.io/netshield/internal/http/handler/finding.go:154.62,156.4 1 0
vigilprotector.io/netshield/internal/http/handler/finding.go:159.2,167.16 3 1
vigilprotector.io/netshield/internal/http/handler/finding.go:167.16,172.3 3 0
vigilprotector.io/netshield/internal/http/handler/finding.go:175.2,176.33 2 1
vigilprotector.io/netshield/internal/http/handler/finding.go:176.33,178.3 1 0
vigilprotector.io/netshield/internal/http/handler/finding.go:181.2,182.86 2 1
vigilprotector.io/netshield/internal/http/handler/finding.go:198.53,209.16 6 2
vigilprotector.io/netshield/internal/http/handler/finding.go:209.16,214.3 3 0
vigilprotector.io/netshield/internal/http/handler/finding.go:217.2,218.21 2 2
vigilprotector.io/netshield/internal/http/handler/finding.go:218.21,223.3 3 0
vigilprotector.io/netshield/internal/http/handler/finding.go:226.2,237.21 3 2
vigilprotector.io/netshield/internal/http/handler/finding.go:237.21,242.3 3 0
vigilprotector.io/netshield/internal/http/handler/finding.go:244.2,244.21 1 2
vigilprotector.io/netshield/internal/http/handler/finding.go:244.21,249.3 3 1
vigilprotector.io/netshield/internal/http/handler/finding.go:252.2,253.16 2 1
vigilprotector.io/netshield/internal/http/handler/finding.go:253.16,258.3 3 0
vigilprotector.io/netshield/internal/http/handler/finding.go:260.2,260.20 1 1
vigilprotector.io/netshield/internal/http/handler/finding.go:260.20,263.3 2 0
vigilprotector.io/netshield/internal/http/handler/finding.go:266.2,267.92 2 1
vigilprotector.io/netshield/internal/http/handler/finding.go:284.56,295.16 6 2
vigilprotector.io/netshield/internal/http/handler/finding.go:295.16,300.3 3 0
vigilprotector.io/netshield/internal/http/handler/finding.go:303.2,313.21 3 2
vigilprotector.io/netshield/internal/http/handler/finding.go:313.21,318.3 3 0
vigilprotector.io/netshield/internal/http/handler/finding.go:320.2,320.21 1 2
vigilprotector.io/netshield/internal/http/handler/finding.go:320.21,325.3 3 1
vigilprotector.io/netshield/internal/http/handler/finding.go:328.2,329.47 2 1
vigilprotector.io/netshield/internal/http/handler/finding.go:329.47,334.3 3 0
vigilprotector.io/netshield/internal/http/handler/finding.go:337.2,338.16 2 1
vigilprotector.io/netshield/internal/http/handler/finding.go:338.16,343.3 3 0
vigilprotector.io/netshield/internal/http/handler/finding.go:346.2,347.16 2 1
vigilprotector.io/netshield/internal/http/handler/finding.go:347.16,351.54 2 0
vigilprotector.io/netshield/internal/http/handler/finding.go:351.54,354.4 2 0
vigilprotector.io/netshield/internal/http/handler/finding.go:356.3,356.52 1 0
vigilprotector.io/netshield/internal/http/handler/finding.go:356.52,359.4 2 0
vigilprotector.io/netshield/internal/http/handler/finding.go:361.3,361.49 1 0
vigilprotector.io/netshield/internal/http/handler/finding.go:361.49,364.4 2 0
vigilprotector.io/netshield/internal/http/handler/finding.go:366.3,368.9 2 0
vigilprotector.io/netshield/internal/http/handler/finding.go:372.2,373.95 2 1
vigilprotector.io/netshield/internal/http/handler/finding.go:391.65,402.16 6 0
vigilprotector.io/netshield/internal/http/handler/finding.go:402.16,407.3 3 0
vigilprotector.io/netshield/internal/http/handler/finding.go:410.2,411.21 2 0
vigilprotector.io/netshield/internal/http/handler/finding.go:411.21,416.3 3 0
vigilprotector.io/netshield/internal/http/handler/finding.go:419.2,420.47 2 0
vigilprotector.io/netshield/internal/http/handler/finding.go:420.47,425.3 3 0
vigilprotector.io/netshield/internal/http/handler/finding.go:428.2,429.16 2 0
vigilprotector.io/netshield/internal/http/handler/finding.go:429.16,433.49 2 0
vigilprotector.io/netshield/internal/http/handler/finding.go:433.49,436.4 2 0
vigilprotector.io/netshield/internal/http/handler/finding.go:438.3,438.60 1 0
vigilprotector.io/netshield/internal/http/handler/finding.go:438.60,441.4 2 0
vigilprotector.io/netshield/internal/http/handler/finding.go:443.3,445.9 2 0
vigilprotector.io/netshield/internal/http/handler/finding.go:449.2,450.100 2 0
vigilprotector.io/netshield/internal/http/handler/finding.go:468.68,479.16 6 0
vigilprotector.io/netshield/internal/http/handler/finding.go:479.16,484.3 3 0
vigilprotector.io/netshield/internal/http/handler/finding.go:487.2,488.21 2 0
vigilprotector.io/netshield/internal/http/handler/finding.go:488.21,493.3 3 0
vigilprotector.io/netshield/internal/http/handler/finding.go:496.2,497.47 2 0
vigilprotector.io/netshield/internal/http/handler/finding.go:497.47,502.3 3 0
vigilprotector.io/netshield/internal/http/handler/finding.go:505.2,506.16 2 0
vigilprotector.io/netshield/internal/http/handler/finding.go:506.16,510.49 2 0
vigilprotector.io/netshield/internal/http/handler/finding.go:510.49,513.4 2 0
vigilprotector.io/netshield/internal/http/handler/finding.go:515.3,515.59 1 0
vigilprotector.io/netshield/internal/http/handler/finding.go:515.59,518.4 2 0
vigilprotector.io/netshield/internal/http/handler/finding.go:520.3,522.9 2 0
vigilprotector.io/netshield/internal/http/handler/finding.go:526.2,527.103 2 0
vigilprotector.io/netshield/internal/http/handler/finding.go:543.60,554.16 6 0
vigilprotector.io/netshield/internal/http/handler/finding.go:554.16,559.3 3 0
vigilprotector.io/netshield/internal/http/handler/finding.go:562.2,563.25 2 0
vigilprotector.io/netshield/internal/http/handler/finding.go:563.25,565.3 1 0
vigilprotector.io/netshield/internal/http/handler/finding.go:567.2,568.16 2 0
vigilprotector.io/netshield/internal/http/handler/finding.go:568.16,573.3 3 0
vigilprotector.io/netshield/internal/http/handler/finding.go:576.2,577.16 2 0
vigilprotector.io/netshield/internal/http/handler/finding.go:577.16,582.3 3 0
vigilprotector.io/netshield/internal/http/handler/finding.go:585.2,586.99 2 0
vigilprotector.io/netshield/internal/http/handler/finding.go:609.61,620.16 6 0
vigilprotector.io/netshield/internal/http/handler/finding.go:620.16,625.3 3 0
vigilprotector.io/netshield/internal/http/handler/finding.go:628.2,629.19 2 0
vigilprotector.io/netshield/internal/http/handler/finding.go:629.19,634.3 3 0
vigilprotector.io/netshield/internal/http/handler/finding.go:637.2,638.62 2 0
vigilprotector.io/netshield/internal/http/handler/finding.go:638.62,640.3 1 0
vigilprotector.io/netshield/internal/http/handler/finding.go:642.2,642.53 1 0
vigilprotector.io/netshield/internal/http/handler/finding.go:642.53,644.3 1 0
vigilprotector.io/netshield/internal/http/handler/finding.go:646.2,646.56 1 0
vigilprotector.io/netshield/internal/http/handler/finding.go:646.56,648.3 1 0
vigilprotector.io/netshield/internal/http/handler/finding.go:650.2,650.65 1 0
vigilprotector.io/netshield/internal/http/handler/finding.go:650.65,652.3 1 0
vigilprotector.io/netshield/internal/http/handler/finding.go:654.2,654.56 1 0
vigilprotector.io/netshield/internal/http/handler/finding.go:654.56,656.3 1 0
vigilprotector.io/netshield/internal/http/handler/finding.go:658.2,660.36 2 0
vigilprotector.io/netshield/internal/http/handler/finding.go:660.36,661.62 1 0
vigilprotector.io/netshield/internal/http/handler/finding.go:661.62,663.4 1 0
vigilprotector.io/netshield/internal/http/handler/finding.go:666.2,668.37 2 0
vigilprotector.io/netshield/internal/http/handler/finding.go:668.37,669.62 1 0
vigilprotector.io/netshield/internal/http/handler/finding.go:669.62,671.4 1 0
vigilprotector.io/netshield/internal/http/handler/finding.go:674.2,682.16 3 0
vigilprotector.io/netshield/internal/http/handler/finding.go:682.16,687.3 3 0
vigilprotector.io/netshield/internal/http/handler/finding.go:690.2,691.33 2 0
vigilprotector.io/netshield/internal/http/handler/finding.go:691.33,693.3 1 0
vigilprotector.io/netshield/internal/http/handler/finding.go:696.2,697.98 2 0
vigilprotector.io/netshield/internal/http/handler/finding.go:720.62,731.16 6 0
vigilprotector.io/netshield/internal/http/handler/finding.go:731.16,736.3 3 0
vigilprotector.io/netshield/internal/http/handler/finding.go:739.2,740.20 2 0
vigilprotector.io/netshield/internal/http/handler/finding.go:740.20,745.3 3 0
vigilprotector.io/netshield/internal/http/handler/finding.go:748.2,749.62 2 0
vigilprotector.io/netshield/internal/http/handler/finding.go:749.62,751.3 1 0
vigilprotector.io/netshield/internal/http/handler/finding.go:753.2,753.53 1 0
vigilprotector.io/netshield/internal/http/handler/finding.go:753.53,755.3 1 0
vigilprotector.io/netshield/internal/http/handler/finding.go:757.2,757.56 1 0
vigilprotector.io/netshield/internal/http/handler/finding.go:757.56,759.3 1 0
vigilprotector.io/netshield/internal/http/handler/finding.go:761.2,761.65 1 0
vigilprotector.io/netshield/internal/http/handler/finding.go:761.65,763.3 1 0
vigilprotector.io/netshield/internal/http/handler/finding.go:765.2,765.56 1 0
vigilprotector.io/netshield/internal/http/handler/finding.go:765.56,767.3 1 0
vigilprotector.io/netshield/internal/http/handler/finding.go:769.2,771.36 2 0
vigilprotector.io/netshield/internal/http/handler/finding.go:771.36,772.62 1 0
vigilprotector.io/netshield/internal/http/handler/finding.go:772.62,774.4 1 0
vigilprotector.io/netshield/internal/http/handler/finding.go:777.2,779.37 2 0
vigilprotector.io/netshield/internal/http/handler/finding.go:779.37,780.62 1 0
vigilprotector.io/netshield/internal/http/handler/finding.go:780.62,782.4 1 0
vigilprotector.io/netshield/internal/http/handler/finding.go:785.2,793.16 3 0
vigilprotector.io/netshield/internal/http/handler/finding.go:793.16,798.3 3 0
vigilprotector.io/netshield/internal/http/handler/finding.go:801.2,802.33 2 0
vigilprotector.io/netshield/internal/http/handler/finding.go:802.33,804.3 1 0
vigilprotector.io/netshield/internal/http/handler/finding.go:807.2,808.99 2 0
vigilprotector.io/netshield/internal/http/handler/finding.go:832.60,843.16 6 0
vigilprotector.io/netshield/internal/http/handler/finding.go:843.16,848.3 3 0
vigilprotector.io/netshield/internal/http/handler/finding.go:851.2,852.23 2 0
vigilprotector.io/netshield/internal/http/handler/finding.go:852.23,857.3 3 0
vigilprotector.io/netshield/internal/http/handler/finding.go:860.2,861.50 2 0
vigilprotector.io/netshield/internal/http/handler/finding.go:861.50,863.3 1 0
vigilprotector.io/netshield/internal/http/handler/finding.go:865.2,865.53 1 0
vigilprotector.io/netshield/internal/http/handler/finding.go:865.53,867.3 1 0
vigilprotector.io/netshield/internal/http/handler/finding.go:869.2,869.53 1 0
vigilprotector.io/netshield/internal/http/handler/finding.go:869.53,871.3 1 0
vigilprotector.io/netshield/internal/http/handler/finding.go:873.2,873.56 1 0
vigilprotector.io/netshield/internal/http/handler/finding.go:873.56,875.3 1 0
vigilprotector.io/netshield/internal/http/handler/finding.go:877.2,877.65 1 0
vigilprotector.io/netshield/internal/http/handler/finding.go:877.65,879.3 1 0
vigilprotector.io/netshield/internal/http/handler/finding.go:881.2,881.56 1 0
vigilprotector.io/netshield/internal/http/handler/finding.go:881.56,883.3 1 0
vigilprotector.io/netshield/internal/http/handler/finding.go:885.2,887.36 2 0
vigilprotector.io/netshield/internal/http/handler/finding.go:887.36,888.62 1 0
vigilprotector.io/netshield/internal/http/handler/finding.go:888.62,890.4 1 0
vigilprotector.io/netshield/internal/http/handler/finding.go:893.2,895.37 2 0
vigilprotector.io/netshield/internal/http/handler/finding.go:895.37,896.62 1 0
vigilprotector.io/netshield/internal/http/handler/finding.go:896.62,898.4 1 0
vigilprotector.io/netshield/internal/http/handler/finding.go:901.2,911.16 4 0
vigilprotector.io/netshield/internal/http/handler/finding.go:911.16,915.52 2 0
vigilprotector.io/netshield/internal/http/handler/finding.go:915.52,918.4 2 0
vigilprotector.io/netshield/internal/http/handler/finding.go:920.3,922.9 2 0
vigilprotector.io/netshield/internal/http/handler/finding.go:926.2,927.33 2 0
vigilprotector.io/netshield/internal/http/handler/finding.go:927.33,929.3 1 0
vigilprotector.io/netshield/internal/http/handler/finding.go:932.2,933.97 2 0
vigilprotector.io/netshield/internal/http/handler/finding.go:955.59,966.16 6 0
vigilprotector.io/netshield/internal/http/handler/finding.go:966.16,971.3 3 0
vigilprotector.io/netshield/internal/http/handler/finding.go:974.2,975.62 2 0
vigilprotector.io/netshield/internal/http/handler/finding.go:975.62,977.3 1 0
vigilprotector.io/netshield/internal/http/handler/finding.go:979.2,979.50 1 0
vigilprotector.io/netshield/internal/http/handler/finding.go:979.50,981.3 1 0
vigilprotector.io/netshield/internal/http/handler/finding.go:983.2,983.53 1 0
vigilprotector.io/netshield/internal/http/handler/finding.go:983.53,985.3 1 0
vigilprotector.io/netshield/internal/http/handler/finding.go:987.2,987.53 1 0
vigilprotector.io/netshield/internal/http/handler/finding.go:987.53,989.3 1 0
vigilprotector.io/netshield/internal/http/handler/finding.go:991.2,991.56 1 0
vigilprotector.io/netshield/internal/http/handler/finding.go:991.56,993.3 1 0
vigilprotector.io/netshield/internal/http/handler/finding.go:995.2,995.65 1 0
vigilprotector.io/netshield/internal/http/handler/finding.go:995.65,997.3 1 0
vigilprotector.io/netshield/internal/http/handler/finding.go:999.2,1001.36 2 0
vigilprotector.io/netshield/internal/http/handler/finding.go:1001.36,1002.62 1 0
vigilprotector.io/netshield/internal/http/handler/finding.go:1002.62,1004.4 1 0
vigilprotector.io/netshield/internal/http/handler/finding.go:1007.2,1009.37 2 0
vigilprotector.io/netshield/internal/http/handler/finding.go:1009.37,1010.62 1 0
vigilprotector.io/netshield/internal/http/handler/finding.go:1010.62,1012.4 1 0
vigilprotector.io/netshield/internal/http/handler/finding.go:1015.2,1023.16 3 0
vigilprotector.io/netshield/internal/http/handler/finding.go:1023.16,1028.3 3 0
vigilprotector.io/netshield/internal/http/handler/finding.go:1031.2,1032.33 2 0
vigilprotector.io/netshield/internal/http/handler/finding.go:1032.33,1034.3 1 0
vigilprotector.io/netshield/internal/http/handler/finding.go:1037.2,1038.95 2 0
vigilprotector.io/netshield/internal/http/handler/ruleset.go:27.81,31.2 1 0
vigilprotector.io/netshield/internal/http/handler/ruleset.go:50.55,61.16 6 3
vigilprotector.io/netshield/internal/http/handler/ruleset.go:61.16,66.3 3 0
vigilprotector.io/netshield/internal/http/handler/ruleset.go:69.2,79.21 3 3
vigilprotector.io/netshield/internal/http/handler/ruleset.go:79.21,84.3 3 0
vigilprotector.io/netshield/internal/http/handler/ruleset.go:86.2,86.21 1 3
vigilprotector.io/netshield/internal/http/handler/ruleset.go:86.21,91.3 3 2
vigilprotector.io/netshield/internal/http/handler/ruleset.go:94.2,95.41 2 1
vigilprotector.io/netshield/internal/http/handler/ruleset.go:95.41,97.3 1 0
vigilprotector.io/netshield/internal/http/handler/ruleset.go:99.2,99.50 1 1
vigilprotector.io/netshield/internal/http/handler/ruleset.go:99.50,101.3 1 0
vigilprotector.io/netshield/internal/http/handler/ruleset.go:103.2,103.47 1 1
vigilprotector.io/netshield/internal/http/handler/ruleset.go:103.47,105.3 1 0
vigilprotector.io/netshield/internal/http/handler/ruleset.go:107.2,107.50 1 1
vigilprotector.io/netshield/internal/http/handler/ruleset.go:107.50,108.24 1 0
vigilprotector.io/netshield/internal/http/handler/ruleset.go:108.24,110.4 1 0
vigilprotector.io/netshield/internal/http/handler/ruleset.go:110.9,110.32 1 0
vigilprotector.io/netshield/internal/http/handler/ruleset.go:110.32,112.4 1 0
vigilprotector.io/netshield/internal/http/handler/ruleset.go:116.2,117.16 2 1
vigilprotector.io/netshield/internal/http/handler/ruleset.go:117.16,122.3 3 0
vigilprotector.io/netshield/internal/http/handler/ruleset.go:125.2,126.34 2 1
vigilprotector.io/netshield/internal/http/handler/ruleset.go:126.34,128.3 1 0
vigilprotector.io/netshield/internal/http/handler/ruleset.go:131.2,132.87 2 1
vigilprotector.io/netshield/internal/http/handler/ruleset.go:148.53,159.16 6 0
vigilprotector.io/netshield/internal/http/handler/ruleset.go:159.16,164.3 3 0
vigilprotector.io/netshield/internal/http/handler/ruleset.go:167.2,168.21 2 0
vigilprotector.io/netshield/internal/http/handler/ruleset.go:168.21,173.3 3 0
vigilprotector.io/netshield/internal/http/handler/ruleset.go:176.2,177.16 2 0
vigilprotector.io/netshield/internal/http/handler/ruleset.go:177.16,182.3 3 0
vigilprotector.io/netshield/internal/http/handler/ruleset.go:184.2,184.20 1 0
vigilprotector.io/netshield/internal/http/handler/ruleset.go:184.20,187.3 2 0
vigilprotector.io/netshield/internal/http/handler/ruleset.go:190.2,191.93 2 0
vigilprotector.io/netshield/internal/http/handler/ruleset.go:208.56,219.16 6 0
vigilprotector.io/netshield/internal/http/handler/ruleset.go:219.16,224.3 3 0
vigilprotector.io/netshield/internal/http/handler/ruleset.go:227.2,228.47 2 0
vigilprotector.io/netshield/internal/http/handler/ruleset.go:228.47,233.3 3 0
vigilprotector.io/netshield/internal/http/handler/ruleset.go:236.2,237.16 2 0
vigilprotector.io/netshield/internal/http/handler/ruleset.go:237.16,241.54 2 0
vigilprotector.io/netshield/internal/http/handler/ruleset.go:241.54,244.4 2 0
vigilprotector.io/netshield/internal/http/handler/ruleset.go:246.3,248.9 2 0
vigilprotector.io/netshield/internal/http/handler/ruleset.go:252.2,253.96 2 0
vigilprotector.io/netshield/internal/http/handler/ruleset.go:271.56,282.16 6 0
vigilprotector.io/netshield/internal/http/handler/ruleset.go:282.16,287.3 3 0
vigilprotector.io/netshield/internal/http/handler/ruleset.go:290.2,291.21 2 0
vigilprotector.io/netshield/internal/http/handler/ruleset.go:291.21,296.3 3 0
vigilprotector.io/netshield/internal/http/handler/ruleset.go:299.2,300.47 2 0
vigilprotector.io/netshield/internal/http/handler/ruleset.go:300.47,305.3 3 0
vigilprotector.io/netshield/internal/http/handler/ruleset.go:308.2,309.16 2 0
vigilprotector.io/netshield/internal/http/handler/ruleset.go:309.16,313.49 2 0
vigilprotector.io/netshield/internal/http/handler/ruleset.go:313.49,316.4 2 0
vigilprotector.io/netshield/internal/http/handler/ruleset.go:318.3,320.9 2 0
vigilprotector.io/netshield/internal/http/handler/ruleset.go:324.2,325.91 2 0
vigilprotector.io/netshield/internal/http/handler/ruleset.go:341.56,352.16 6 0
vigilprotector.io/netshield/internal/http/handler/ruleset.go:352.16,357.3 3 0
vigilprotector.io/netshield/internal/http/handler/ruleset.go:360.2,361.21 2 0
vigilprotector.io/netshield/internal/http/handler/ruleset.go:361.21,366.3 3 0
vigilprotector.io/netshield/internal/http/handler/ruleset.go:369.2,370.16 2 0
vigilprotector.io/netshield/internal/http/handler/ruleset.go:370.16,374.49 2 0
vigilprotector.io/netshield/internal/http/handler/ruleset.go:374.49,377.4 2 0
vigilprotector.io/netshield/internal/http/handler/ruleset.go:379.3,379.60 1 0
vigilprotector.io/netshield/internal/http/handler/ruleset.go:379.60,382.4 2 0
vigilprotector.io/netshield/internal/http/handler/ruleset.go:384.3,386.9 2 0
vigilprotector.io/netshield/internal/http/handler/ruleset.go:390.2,391.79 2 0
vigilprotector.io/netshield/internal/http/handler/ruleset.go:407.56,418.16 6 0
vigilprotector.io/netshield/internal/http/handler/ruleset.go:418.16,423.3 3 0
vigilprotector.io/netshield/internal/http/handler/ruleset.go:426.2,427.21 2 0
vigilprotector.io/netshield/internal/http/handler/ruleset.go:427.21,432.3 3 0
vigilprotector.io/netshield/internal/http/handler/ruleset.go:435.2,436.16 2 0
vigilprotector.io/netshield/internal/http/handler/ruleset.go:436.16,440.49 2 0
vigilprotector.io/netshield/internal/http/handler/ruleset.go:440.49,443.4 2 0
vigilprotector.io/netshield/internal/http/handler/ruleset.go:445.3,447.9 2 0
vigilprotector.io/netshield/internal/http/handler/ruleset.go:451.2,452.91 2 0
vigilprotector.io/netshield/internal/http/handler/ruleset.go:468.57,479.16 6 0
vigilprotector.io/netshield/internal/http/handler/ruleset.go:479.16,484.3 3 0
vigilprotector.io/netshield/internal/http/handler/ruleset.go:487.2,488.21 2 0
vigilprotector.io/netshield/internal/http/handler/ruleset.go:488.21,493.3 3 0
vigilprotector.io/netshield/internal/http/handler/ruleset.go:496.2,497.16 2 0
vigilprotector.io/netshield/internal/http/handler/ruleset.go:497.16,501.49 2 0
vigilprotector.io/netshield/internal/http/handler/ruleset.go:501.49,504.4 2 0
vigilprotector.io/netshield/internal/http/handler/ruleset.go:506.3,506.61 1 0
vigilprotector.io/netshield/internal/http/handler/ruleset.go:506.61,509.4 2 0
vigilprotector.io/netshield/internal/http/handler/ruleset.go:511.3,513.9 2 0
vigilprotector.io/netshield/internal/http/handler/ruleset.go:517.2,518.92 2 0
vigilprotector.io/netshield/internal/http/handler/ruleset.go:533.60,544.16 6 0
vigilprotector.io/netshield/internal/http/handler/ruleset.go:544.16,549.3 3 0
vigilprotector.io/netshield/internal/http/handler/ruleset.go:552.2,553.16 2 0
vigilprotector.io/netshield/internal/http/handler/ruleset.go:553.16,558.3 3 0
vigilprotector.io/netshield/internal/http/handler/ruleset.go:560.2,560.20 1 0
vigilprotector.io/netshield/internal/http/handler/ruleset.go:560.20,563.3 2 0
vigilprotector.io/netshield/internal/http/handler/ruleset.go:566.2,567.101 2 0
vigilprotector.io/netshield/internal/http/handler/ruleset.go:583.56,594.16 6 0
vigilprotector.io/netshield/internal/http/handler/ruleset.go:594.16,599.3 3 0
vigilprotector.io/netshield/internal/http/handler/ruleset.go:602.2,603.21 2 0
vigilprotector.io/netshield/internal/http/handler/ruleset.go:603.21,608.3 3 0
vigilprotector.io/netshield/internal/http/handler/ruleset.go:611.2,612.16 2 0
vigilprotector.io/netshield/internal/http/handler/ruleset.go:612.16,616.49 2 0
vigilprotector.io/netshield/internal/http/handler/ruleset.go:616.49,619.4 2 0
vigilprotector.io/netshield/internal/http/handler/ruleset.go:621.3,623.9 2 0
vigilprotector.io/netshield/internal/http/handler/ruleset.go:627.2,629.32 3 0
vigilprotector.io/netshield/internal/http/handler/ruleset.go:635.28,637.2 1 0
vigilprotector.io/netshield/internal/http/handler/sensor.go:26.78,30.2 1 0
vigilprotector.io/netshield/internal/http/handler/sensor.go:48.53,59.16 6 3
vigilprotector.io/netshield/internal/http/handler/sensor.go:59.16,64.3 3 0
vigilprotector.io/netshield/internal/http/handler/sensor.go:67.2,77.21 3 3
vigilprotector.io/netshield/internal/http/handler/sensor.go:77.21,82.3 3 0
vigilprotector.io/netshield/internal/http/handler/sensor.go:84.2,84.21 1 3
vigilprotector.io/netshield/internal/http/handler/sensor.go:84.21,89.3 3 2
vigilprotector.io/netshield/internal/http/handler/sensor.go:92.2,93.53 2 1
vigilprotector.io/netshield/internal/http/handler/sensor.go:93.53,95.3 1 0
vigilprotector.io/netshield/internal/http/handler/sensor.go:97.2,97.47 1 1
vigilprotector.io/netshield/internal/http/handler/sensor.go:97.47,99.3 1 0
vigilprotector.io/netshield/internal/http/handler/sensor.go:101.2,101.47 1 1
vigilprotector.io/netshield/internal/http/handler/sensor.go:101.47,103.3 1 0
vigilprotector.io/netshield/internal/http/handler/sensor.go:105.2,107.36 2 1
vigilprotector.io/netshield/internal/http/handler/sensor.go:107.36,108.62 1 0
vigilprotector.io/netshield/internal/http/handler/sensor.go:108.62,110.4 1 0
vigilprotector.io/netshield/internal/http/handler/sensor.go:113.2,115.37 2 1
vigilprotector.io/netshield/internal/http/handler/sensor.go:115.37,116.62 1 0
vigilprotector.io/netshield/internal/http/handler/sensor.go:116.62,118.4 1 0
vigilprotector.io/netshield/internal/http/handler/sensor.go:121.2,133.16 3 1
vigilprotector.io/netshield/internal/http/handler/sensor.go:133.16,138.3 3 0
vigilprotector.io/netshield/internal/http/handler/sensor.go:141.2,142.86 2 1
vigilprotector.io/netshield/internal/http/handler/sensor.go:158.51,169.16 6 1
vigilprotector.io/netshield/internal/http/handler/sensor.go:169.16,174.3 3 0
vigilprotector.io/netshield/internal/http/handler/sensor.go:177.2,178.20 2 1
vigilprotector.io/netshield/internal/http/handler/sensor.go:178.20,183.3 3 0
vigilprotector.io/netshield/internal/http/handler/sensor.go:186.2,187.16 2 1
vigilprotector.io/netshield/internal/http/handler/sensor.go:187.16,192.3 3 0
vigilprotector.io/netshield/internal/http/handler/sensor.go:195.2,196.90 2 1
vigilprotector.io/netshield/internal/http/handler/utils.go:13.56,17.16 3 18
vigilprotector.io/netshield/internal/http/handler/utils.go:17.16,19.3 1 6
vigilprotector.io/netshield/internal/http/handler/utils.go:21.2,21.17 1 12
vigilprotector.io/netshield/internal/http/handler/utils.go:27.69,29.16 2 7
vigilprotector.io/netshield/internal/http/handler/utils.go:29.16,31.3 1 2
vigilprotector.io/netshield/internal/http/handler/utils.go:34.2,34.22 1 5
vigilprotector.io/netshield/internal/http/handler/utils.go:34.22,36.3 1 1
vigilprotector.io/netshield/internal/http/handler/utils.go:39.2,39.15 1 5
vigilprotector.io/netshield/internal/http/handler/utils.go:39.15,41.3 1 2
vigilprotector.io/netshield/internal/http/handler/utils.go:43.2,43.19 1 5
vigilprotector.io/netshield/internal/http/handler/utils.go:49.70,51.16 2 5
vigilprotector.io/netshield/internal/http/handler/utils.go:51.16,53.3 1 2
vigilprotector.io/netshield/internal/http/handler/utils.go:56.2,56.16 1 3
vigilprotector.io/netshield/internal/http/handler/utils.go:56.16,58.3 1 1
vigilprotector.io/netshield/internal/http/handler/utils.go:60.2,60.20 1 3
vigilprotector.io/netshield/internal/http/router/router.go:22.15,36.2 8 2
vigilprotector.io/netshield/internal/http/router/router.go:36.2,85.3 32 2
vigilprotector.io/netshield/internal/http/router/router.go:87.2,87.15 1 2
vigilprotector.io/netshield/internal/http/router/router.go:90.36,92.2 1 0
vigilprotector.io/netshield/internal/http/router/router.go:94.35,96.2 1 0
vigilprotector.io/netshield/internal/http/router/router.go:98.37,100.2 1 0
vigilprotector.io/netshield/internal/service/crossbc_adapters.go:10.81,11.24 1 0
vigilprotector.io/netshield/internal/service/crossbc_adapters.go:11.24,13.3 1 0
vigilprotector.io/netshield/internal/service/crossbc_adapters.go:15.2,15.49 1 0
vigilprotector.io/netshield/internal/service/crossbc_adapters.go:20.96,21.21 1 0
vigilprotector.io/netshield/internal/service/crossbc_adapters.go:21.21,23.3 1 0
vigilprotector.io/netshield/internal/service/crossbc_adapters.go:25.2,25.52 1 0
vigilprotector.io/netshield/internal/service/crossbc_adapters.go:30.87,31.21 1 0
vigilprotector.io/netshield/internal/service/crossbc_adapters.go:31.21,33.3 1 0
vigilprotector.io/netshield/internal/service/crossbc_adapters.go:35.2,35.49 1 0
vigilprotector.io/netshield/internal/service/detection.go:141.21,148.2 1 37
vigilprotector.io/netshield/internal/service/detection.go:159.42,177.16 4 3
vigilprotector.io/netshield/internal/service/detection.go:177.16,179.3 1 0
vigilprotector.io/netshield/internal/service/detection.go:181.2,181.21 1 3
vigilprotector.io/netshield/internal/service/detection.go:181.21,183.3 1 0
vigilprotector.io/netshield/internal/service/detection.go:186.2,186.62 1 3
vigilprotector.io/netshield/internal/service/detection.go:186.62,188.3 1 0
vigilprotector.io/netshield/internal/service/detection.go:190.2,191.16 2 3
vigilprotector.io/netshield/internal/service/detection.go:191.16,193.3 1 1
vigilprotector.io/netshield/internal/service/detection.go:195.2,195.22 1 2
vigilprotector.io/netshield/internal/service/detection.go:204.30,219.16 4 3
vigilprotector.io/netshield/internal/service/detection.go:219.16,221.3 1 0
vigilprotector.io/netshield/internal/service/detection.go:223.2,223.21 1 3
vigilprotector.io/netshield/internal/service/detection.go:223.21,225.3 1 0
vigilprotector.io/netshield/internal/service/detection.go:227.2,228.16 2 3
vigilprotector.io/netshield/internal/service/detection.go:228.16,230.3 1 1
vigilprotector.io/netshield/internal/service/detection.go:232.2,232.22 1 2
vigilprotector.io/netshield/internal/service/detection.go:232.22,234.3 1 1
vigilprotector.io/netshield/internal/service/detection.go:237.2,237.62 1 1
vigilprotector.io/netshield/internal/service/detection.go:237.62,239.3 1 0
vigilprotector.io/netshield/internal/service/detection.go:241.2,241.23 1 1
vigilprotector.io/netshield/internal/service/detection.go:251.30,270.16 4 2
vigilprotector.io/netshield/internal/service/detection.go:270.16,272.3 1 0
vigilprotector.io/netshield/internal/service/detection.go:274.2,274.21 1 2
vigilprotector.io/netshield/internal/service/detection.go:274.21,276.3 1 0
vigilprotector.io/netshield/internal/service/detection.go:279.2,279.33 1 2
vigilprotector.io/netshield/internal/service/detection.go:279.33,281.3 1 0
vigilprotector.io/netshield/internal/service/detection.go:283.2,283.58 1 2
vigilprotector.io/netshield/internal/service/detection.go:283.58,285.3 1 0
vigilprotector.io/netshield/internal/service/detection.go:287.2,287.31 1 2
vigilprotector.io/netshield/internal/service/detection.go:287.31,289.3 1 0
vigilprotector.io/netshield/internal/service/detection.go:292.2,292.45 1 2
vigilprotector.io/netshield/internal/service/detection.go:292.45,294.3 1 0
vigilprotector.io/netshield/internal/service/detection.go:297.2,303.16 5 2
vigilprotector.io/netshield/internal/service/detection.go:303.16,305.3 1 0
vigilprotector.io/netshield/internal/service/detection.go:307.2,307.21 1 2
vigilprotector.io/netshield/internal/service/detection.go:307.21,309.3 1 0
vigilprotector.io/netshield/internal/service/detection.go:312.2,313.16 2 2
vigilprotector.io/netshield/internal/service/detection.go:313.16,315.3 1 1
vigilprotector.io/netshield/internal/service/detection.go:318.2,320.23 2 1
vigilprotector.io/netshield/internal/service/detection.go:333.28,348.16 4 7
vigilprotector.io/netshield/internal/service/detection.go:348.16,350.3 1 0
vigilprotector.io/netshield/internal/service/detection.go:352.2,352.21 1 7
vigilprotector.io/netshield/internal/service/detection.go:352.21,354.3 1 0
vigilprotector.io/netshield/internal/service/detection.go:357.2,358.16 2 7
vigilprotector.io/netshield/internal/service/detection.go:358.16,360.3 1 1
vigilprotector.io/netshield/internal/service/detection.go:362.2,362.22 1 6
vigilprotector.io/netshield/internal/service/detection.go:362.22,364.3 1 1
vigilprotector.io/netshield/internal/service/detection.go:369.2,369.48 1 5
vigilprotector.io/netshield/internal/service/detection.go:369.48,372.3 2 1
vigilprotector.io/netshield/internal/service/detection.go:376.2,377.19 2 4
vigilprotector.io/netshield/internal/service/detection.go:377.19,380.3 1 0
vigilprotector.io/netshield/internal/service/detection.go:385.2,389.16 3 4
vigilprotector.io/netshield/internal/service/detection.go:389.16,391.3 1 1
vigilprotector.io/netshield/internal/service/detection.go:394.2,395.16 2 3
vigilprotector.io/netshield/internal/service/detection.go:395.16,398.3 1 0
vigilprotector.io/netshield/internal/service/detection.go:401.2,410.28 3 3
vigilprotector.io/netshield/internal/service/detection.go:420.28,422.29 1 4
vigilprotector.io/netshield/internal/service/detection.go:422.29,425.3 1 4
vigilprotector.io/netshield/internal/service/detection.go:427.2,427.30 1 4
vigilprotector.io/netshield/internal/service/detection.go:427.30,429.3 1 4
vigilprotector.io/netshield/internal/service/detection.go:432.2,436.16 3 4
vigilprotector.io/netshield/internal/service/detection.go:436.16,438.3 1 1
vigilprotector.io/netshield/internal/service/detection.go:440.2,440.21 1 3
vigilprotector.io/netshield/internal/service/detection.go:449.9,456.25 2 4
vigilprotector.io/netshield/internal/service/detection.go:456.25,459.3 2 0
vigilprotector.io/netshield/internal/service/detection.go:462.2,462.56 1 4
vigilprotector.io/netshield/internal/service/detection.go:462.56,464.3 1 0
vigilprotector.io/netshield/internal/service/detection.go:468.2,478.16 4 4
vigilprotector.io/netshield/internal/service/detection.go:478.16,480.3 1 0
vigilprotector.io/netshield/internal/service/detection.go:482.2,482.20 1 4
vigilprotector.io/netshield/internal/service/detection.go:482.20,484.3 1 2
vigilprotector.io/netshield/internal/service/detection.go:487.2,487.27 1 2
vigilprotector.io/netshield/internal/service/detection.go:487.27,489.3 1 2
vigilprotector.io/netshield/internal/service/detection.go:491.2,491.28 1 2
vigilprotector.io/netshield/internal/service/detection.go:491.28,493.3 1 2
vigilprotector.io/netshield/internal/service/detection.go:496.2,499.16 3 2
vigilprotector.io/netshield/internal/service/detection.go:499.16,501.3 1 0
vigilprotector.io/netshield/internal/service/detection.go:503.2,509.12 2 2
vigilprotector.io/netshield/internal/service/detection.go:518.9,533.16 4 7
vigilprotector.io/netshield/internal/service/detection.go:533.16,535.3 1 0
vigilprotector.io/netshield/internal/service/detection.go:537.2,537.21 1 7
vigilprotector.io/netshield/internal/service/detection.go:537.21,539.3 1 0
vigilprotector.io/netshield/internal/service/detection.go:542.2,543.16 2 7
vigilprotector.io/netshield/internal/service/detection.go:543.16,545.3 1 1
vigilprotector.io/netshield/internal/service/detection.go:547.2,547.22 1 6
vigilprotector.io/netshield/internal/service/detection.go:547.22,549.3 1 1
vigilprotector.io/netshield/internal/service/detection.go:552.2,556.16 3 5
vigilprotector.io/netshield/internal/service/detection.go:556.16,558.3 1 1
vigilprotector.io/netshield/internal/service/detection.go:561.2,563.12 2 4
vigilprotector.io/netshield/internal/service/detection.go:573.42,577.16 3 2
vigilprotector.io/netshield/internal/service/detection.go:577.16,579.3 1 1
vigilprotector.io/netshield/internal/service/detection.go:581.2,581.22 1 1
vigilprotector.io/netshield/internal/service/detection.go:591.42,595.16 3 2
vigilprotector.io/netshield/internal/service/detection.go:595.16,597.3 1 1
vigilprotector.io/netshield/internal/service/detection.go:599.2,599.22 1 1
vigilprotector.io/netshield/internal/service/detection.go:609.42,613.16 3 2
vigilprotector.io/netshield/internal/service/detection.go:613.16,615.3 1 1
vigilprotector.io/netshield/internal/service/detection.go:617.2,617.22 1 1
vigilprotector.io/netshield/internal/service/detection.go:627.42,642.16 4 2
vigilprotector.io/netshield/internal/service/detection.go:642.16,644.3 1 0
vigilprotector.io/netshield/internal/service/detection.go:646.2,646.21 1 2
vigilprotector.io/netshield/internal/service/detection.go:646.21,648.3 1 0
vigilprotector.io/netshield/internal/service/detection.go:650.2,651.16 2 2
vigilprotector.io/netshield/internal/service/detection.go:651.16,653.3 1 1
vigilprotector.io/netshield/internal/service/detection.go:655.2,655.22 1 1
vigilprotector.io/netshield/internal/service/detection.go:665.16,678.16 4 3
vigilprotector.io/netshield/internal/service/detection.go:678.16,680.3 1 1
vigilprotector.io/netshield/internal/service/detection.go:682.2,684.43 2 2
vigilprotector.io/netshield/internal/service/detection.go:684.43,686.17 2 1
vigilprotector.io/netshield/internal/service/detection.go:686.17,691.12 2 0
vigilprotector.io/netshield/internal/service/detection.go:694.3,694.19 1 1
vigilprotector.io/netshield/internal/service/detection.go:697.2,699.28 2 2
vigilprotector.io/netshield/internal/service/detection.go:706.91,709.9 2 4
vigilprotector.io/netshield/internal/service/detection.go:709.9,711.3 1 4
vigilprotector.io/netshield/internal/service/detection.go:714.2,714.16 1 0
vigilprotector.io/netshield/internal/service/detection.go:720.40,721.14 1 0
vigilprotector.io/netshield/internal/service/detection.go:727.2,727.13 1 0
vigilprotector.io/netshield/internal/service/detection.go:737.3,773.2 3 5
vigilprotector.io/netshield/internal/service/detection.go:783.3,804.25 3 3
vigilprotector.io/netshield/internal/service/detection.go:804.25,806.3 1 15
vigilprotector.io/netshield/internal/service/detection.go:808.2,826.32 2 3
vigilprotector.io/netshield/internal/service/detection.go:837.42,852.16 4 2
vigilprotector.io/netshield/internal/service/detection.go:852.16,854.3 1 0
vigilprotector.io/netshield/internal/service/detection.go:856.2,856.21 1 2
vigilprotector.io/netshield/internal/service/detection.go:856.21,858.3 1 0
vigilprotector.io/netshield/internal/service/detection.go:860.2,861.16 2 2
vigilprotector.io/netshield/internal/service/detection.go:861.16,863.3 1 1
vigilprotector.io/netshield/internal/service/detection.go:865.2,865.22 1 1
vigilprotector.io/netshield/internal/service/detection.go:876.42,891.16 4 2
vigilprotector.io/netshield/internal/service/detection.go:891.16,893.3 1 0
vigilprotector.io/netshield/internal/service/detection.go:895.2,895.21 1 2
vigilprotector.io/netshield/internal/service/detection.go:895.21,897.3 1 0
vigilprotector.io/netshield/internal/service/detection.go:899.2,900.16 2 2
vigilprotector.io/netshield/internal/service/detection.go:900.16,902.3 1 1
vigilprotector.io/netshield/internal/service/detection.go:904.2,904.22 1 1
vigilprotector.io/netshield/internal/service/detection.go:915.42,930.16 4 2
vigilprotector.io/netshield/internal/service/detection.go:930.16,932.3 1 0
vigilprotector.io/netshield/internal/service/detection.go:934.2,934.21 1 2
vigilprotector.io/netshield/internal/service/detection.go:934.21,936.3 1 0
vigilprotector.io/netshield/internal/service/detection.go:938.2,939.16 2 2
vigilprotector.io/netshield/internal/service/detection.go:939.16,941.3 1 1
vigilprotector.io/netshield/internal/service/detection.go:943.2,943.22 1 1
vigilprotector.io/netshield/internal/service/detection.go:954.42,969.16 4 2
vigilprotector.io/netshield/internal/service/detection.go:969.16,971.3 1 0
vigilprotector.io/netshield/internal/service/detection.go:973.2,973.21 1 2
vigilprotector.io/netshield/internal/service/detection.go:973.21,975.3 1 0
vigilprotector.io/netshield/internal/service/detection.go:977.2,978.16 2 2
vigilprotector.io/netshield/internal/service/detection.go:978.16,980.3 1 1
vigilprotector.io/netshield/internal/service/detection.go:982.2,982.22 1 1
vigilprotector.io/netshield/internal/service/finding.go:99.19,104.2 1 28
vigilprotector.io/netshield/internal/service/finding.go:116.40,134.16 4 3
vigilprotector.io/netshield/internal/service/finding.go:134.16,136.3 1 0
vigilprotector.io/netshield/internal/service/finding.go:138.2,138.21 1 3
vigilprotector.io/netshield/internal/service/finding.go:138.21,140.3 1 0
vigilprotector.io/netshield/internal/service/finding.go:142.2,143.16 2 3
vigilprotector.io/netshield/internal/service/finding.go:143.16,145.3 1 1
vigilprotector.io/netshield/internal/service/finding.go:147.2,147.22 1 2
vigilprotector.io/netshield/internal/service/finding.go:157.28,172.16 4 3
vigilprotector.io/netshield/internal/service/finding.go:172.16,174.3 1 0
vigilprotector.io/netshield/internal/service/finding.go:176.2,176.21 1 3
vigilprotector.io/netshield/internal/service/finding.go:176.21,178.3 1 0
vigilprotector.io/netshield/internal/service/finding.go:180.2,181.16 2 3
vigilprotector.io/netshield/internal/service/finding.go:181.16,183.3 1 1
vigilprotector.io/netshield/internal/service/finding.go:185.2,185.20 1 2
vigilprotector.io/netshield/internal/service/finding.go:185.20,187.3 1 1
vigilprotector.io/netshield/internal/service/finding.go:189.2,189.21 1 1
vigilprotector.io/netshield/internal/service/finding.go:200.28,218.16 4 2
vigilprotector.io/netshield/internal/service/finding.go:218.16,220.3 1 0
vigilprotector.io/netshield/internal/service/finding.go:222.2,222.21 1 2
vigilprotector.io/netshield/internal/service/finding.go:222.21,224.3 1 0
vigilprotector.io/netshield/internal/service/finding.go:227.2,227.29 1 2
vigilprotector.io/netshield/internal/service/finding.go:227.29,229.3 1 0
vigilprotector.io/netshield/internal/service/finding.go:231.2,231.31 1 2
vigilprotector.io/netshield/internal/service/finding.go:231.31,233.3 1 0
vigilprotector.io/netshield/internal/service/finding.go:235.2,235.28 1 2
vigilprotector.io/netshield/internal/service/finding.go:235.28,237.3 1 0
vigilprotector.io/netshield/internal/service/finding.go:239.2,239.25 1 2
vigilprotector.io/netshield/internal/service/finding.go:239.25,241.3 1 0
vigilprotector.io/netshield/internal/service/finding.go:244.2,244.48 1 2
vigilprotector.io/netshield/internal/service/finding.go:244.48,246.3 1 0
vigilprotector.io/netshield/internal/service/finding.go:249.2,249.42 1 2
vigilprotector.io/netshield/internal/service/finding.go:249.42,251.3 1 0
vigilprotector.io/netshield/internal/service/finding.go:254.2,254.36 1 2
vigilprotector.io/netshield/internal/service/finding.go:254.36,256.3 1 0
vigilprotector.io/netshield/internal/service/finding.go:258.2,258.57 1 2
vigilprotector.io/netshield/internal/service/finding.go:258.57,260.3 1 0
vigilprotector.io/netshield/internal/service/finding.go:263.2,263.39 1 2
vigilprotector.io/netshield/internal/service/finding.go:263.39,265.3 1 0
vigilprotector.io/netshield/internal/service/finding.go:267.2,267.63 1 2
vigilprotector.io/netshield/internal/service/finding.go:267.63,269.3 1 0
vigilprotector.io/netshield/internal/service/finding.go:272.2,272.36 1 2
vigilprotector.io/netshield/internal/service/finding.go:272.36,274.3 1 0
vigilprotector.io/netshield/internal/service/finding.go:276.2,276.57 1 2
vigilprotector.io/netshield/internal/service/finding.go:276.57,278.3 1 0
vigilprotector.io/netshield/internal/service/finding.go:281.2,287.58 5 2
vigilprotector.io/netshield/internal/service/finding.go:287.58,289.3 1 0
vigilprotector.io/netshield/internal/service/finding.go:292.2,293.16 2 2
vigilprotector.io/netshield/internal/service/finding.go:293.16,295.3 1 0
vigilprotector.io/netshield/internal/service/finding.go:297.2,297.21 1 2
vigilprotector.io/netshield/internal/service/finding.go:297.21,299.3 1 0
vigilprotector.io/netshield/internal/service/finding.go:302.2,303.16 2 2
vigilprotector.io/netshield/internal/service/finding.go:303.16,305.3 1 1
vigilprotector.io/netshield/internal/service/finding.go:308.2,310.21 2 1
vigilprotector.io/netshield/internal/service/finding.go:322.28,339.16 4 4
vigilprotector.io/netshield/internal/service/finding.go:339.16,341.3 1 0
vigilprotector.io/netshield/internal/service/finding.go:343.2,343.21 1 4
vigilprotector.io/netshield/internal/service/finding.go:343.21,345.3 1 0
vigilprotector.io/netshield/internal/service/finding.go:348.2,348.43 1 4
vigilprotector.io/netshield/internal/service/finding.go:348.43,350.3 1 0
[...]
vigilprotector.io/netshield/internal/store/finding.go:159.49,161.4 1 0
vigilprotector.io/netshield/internal/store/finding.go:163.3,163.40 1 0
vigilprotector.io/netshield/internal/store/finding.go:166.2,166.37 1 0
vigilprotector.io/netshield/internal/store/finding.go:166.37,168.3 1 0
vigilprotector.io/netshield/internal/store/finding.go:170.2,175.8 1 0
vigilprotector.io/netshield/internal/store/finding.go:183.28,187.16 3 0
vigilprotector.io/netshield/internal/store/finding.go:187.16,189.3 1 0
vigilprotector.io/netshield/internal/store/finding.go:191.2,196.16 4 0
vigilprotector.io/netshield/internal/store/finding.go:196.16,197.43 1 0
vigilprotector.io/netshield/internal/store/finding.go:197.43,199.4 1 0
vigilprotector.io/netshield/internal/store/finding.go:201.3,201.65 1 0
vigilprotector.io/netshield/internal/store/finding.go:204.2,204.22 1 0
vigilprotector.io/netshield/internal/store/finding.go:212.28,220.16 5 0
vigilprotector.io/netshield/internal/store/finding.go:220.16,221.43 1 0
vigilprotector.io/netshield/internal/store/finding.go:221.43,223.4 1 0
vigilprotector.io/netshield/internal/store/finding.go:225.3,225.72 1 0
vigilprotector.io/netshield/internal/store/finding.go:228.2,228.22 1 0
vigilprotector.io/netshield/internal/store/finding.go:236.9,244.16 3 0
vigilprotector.io/netshield/internal/store/finding.go:244.16,247.33 2 0
vigilprotector.io/netshield/internal/store/finding.go:247.33,248.45 1 0
vigilprotector.io/netshield/internal/store/finding.go:248.45,249.25 1 0
vigilprotector.io/netshield/internal/store/finding.go:249.25,251.6 1 0
vigilprotector.io/netshield/internal/store/finding.go:255.3,255.57 1 0
vigilprotector.io/netshield/internal/store/finding.go:258.2,258.12 1 0
vigilprotector.io/netshield/internal/store/finding.go:266.9,300.16 5 0
vigilprotector.io/netshield/internal/store/finding.go:300.16,302.3 1 0
vigilprotector.io/netshield/internal/store/finding.go:304.2,304.30 1 0
vigilprotector.io/netshield/internal/store/finding.go:304.30,306.3 1 0
vigilprotector.io/netshield/internal/store/finding.go:308.2,308.12 1 0
vigilprotector.io/netshield/internal/store/finding.go:316.9,320.16 3 0
vigilprotector.io/netshield/internal/store/finding.go:320.16,322.3 1 0
vigilprotector.io/netshield/internal/store/finding.go:324.2,327.16 3 0
vigilprotector.io/netshield/internal/store/finding.go:327.16,329.3 1 0
vigilprotector.io/netshield/internal/store/finding.go:331.2,331.30 1 0
vigilprotector.io/netshield/internal/store/finding.go:331.30,333.3 1 0
vigilprotector.io/netshield/internal/store/finding.go:335.2,335.12 1 0
vigilprotector.io/netshield/internal/store/finding.go:344.40,351.35 3 0
vigilprotector.io/netshield/internal/store/finding.go:351.35,353.3 1 0
vigilprotector.io/netshield/internal/store/finding.go:355.2,355.32 1 0
vigilprotector.io/netshield/internal/store/finding.go:355.32,357.3 1 0
vigilprotector.io/netshield/internal/store/finding.go:359.2,359.33 1 0
vigilprotector.io/netshield/internal/store/finding.go:359.33,361.3 1 0
vigilprotector.io/netshield/internal/store/finding.go:363.2,363.36 1 0
vigilprotector.io/netshield/internal/store/finding.go:363.36,365.3 1 0
vigilprotector.io/netshield/internal/store/finding.go:367.2,367.33 1 0
vigilprotector.io/netshield/internal/store/finding.go:367.33,369.3 1 0
vigilprotector.io/netshield/internal/store/finding.go:372.2,373.16 2 0
vigilprotector.io/netshield/internal/store/finding.go:373.16,375.3 1 0
vigilprotector.io/netshield/internal/store/finding.go:378.2,379.20 2 0
vigilprotector.io/netshield/internal/store/finding.go:379.20,381.3 1 0
vigilprotector.io/netshield/internal/store/finding.go:383.2,383.21 1 0
vigilprotector.io/netshield/internal/store/finding.go:383.21,385.3 1 0
vigilprotector.io/netshield/internal/store/finding.go:388.2,389.18 2 0
vigilprotector.io/netshield/internal/store/finding.go:389.18,391.3 1 0
vigilprotector.io/netshield/internal/store/finding.go:393.2,394.19 2 0
vigilprotector.io/netshield/internal/store/finding.go:394.19,396.3 1 0
vigilprotector.io/netshield/internal/store/finding.go:398.2,402.16 3 0
vigilprotector.io/netshield/internal/store/finding.go:402.16,404.3 1 0
vigilprotector.io/netshield/internal/store/finding.go:405.2,410.23 3 0
vigilprotector.io/netshield/internal/store/finding.go:410.23,412.49 2 0
vigilprotector.io/netshield/internal/store/finding.go:412.49,414.4 1 0
vigilprotector.io/netshield/internal/store/finding.go:416.3,416.40 1 0
vigilprotector.io/netshield/internal/store/finding.go:419.2,419.37 1 0
vigilprotector.io/netshield/internal/store/finding.go:419.37,421.3 1 0
vigilprotector.io/netshield/internal/store/finding.go:423.2,428.8 1 0
vigilprotector.io/netshield/internal/store/finding.go:437.40,444.35 3 0
vigilprotector.io/netshield/internal/store/finding.go:444.35,446.3 1 0
vigilprotector.io/netshield/internal/store/finding.go:448.2,448.32 1 0
vigilprotector.io/netshield/internal/store/finding.go:448.32,450.3 1 0
vigilprotector.io/netshield/internal/store/finding.go:452.2,452.33 1 0
vigilprotector.io/netshield/internal/store/finding.go:452.33,454.3 1 0
vigilprotector.io/netshield/internal/store/finding.go:456.2,456.36 1 0
vigilprotector.io/netshield/internal/store/finding.go:456.36,458.3 1 0
vigilprotector.io/netshield/internal/store/finding.go:460.2,460.33 1 0
vigilprotector.io/netshield/internal/store/finding.go:460.33,462.3 1 0
vigilprotector.io/netshield/internal/store/finding.go:465.2,466.16 2 0
vigilprotector.io/netshield/internal/store/finding.go:466.16,468.3 1 0
vigilprotector.io/netshield/internal/store/finding.go:471.2,472.20 2 0
vigilprotector.io/netshield/internal/store/finding.go:472.20,474.3 1 0
vigilprotector.io/netshield/internal/store/finding.go:476.2,476.21 1 0
vigilprotector.io/netshield/internal/store/finding.go:476.21,478.3 1 0
vigilprotector.io/netshield/internal/store/finding.go:481.2,482.18 2 0
vigilprotector.io/netshield/internal/store/finding.go:482.18,484.3 1 0
vigilprotector.io/netshield/internal/store/finding.go:486.2,487.19 2 0
vigilprotector.io/netshield/internal/store/finding.go:487.19,489.3 1 0
vigilprotector.io/netshield/internal/store/finding.go:491.2,495.16 3 0
vigilprotector.io/netshield/internal/store/finding.go:495.16,497.3 1 0
vigilprotector.io/netshield/internal/store/finding.go:498.2,503.23 3 0
vigilprotector.io/netshield/internal/store/finding.go:503.23,505.49 2 0
vigilprotector.io/netshield/internal/store/finding.go:505.49,507.4 1 0
vigilprotector.io/netshield/internal/store/finding.go:509.3,509.40 1 0
vigilprotector.io/netshield/internal/store/finding.go:512.2,512.37 1 0
vigilprotector.io/netshield/internal/store/finding.go:512.37,514.3 1 0
vigilprotector.io/netshield/internal/store/finding.go:516.2,521.8 1 0
vigilprotector.io/netshield/internal/store/finding.go:530.40,537.31 3 0
vigilprotector.io/netshield/internal/store/finding.go:537.31,539.3 1 0
vigilprotector.io/netshield/internal/store/finding.go:541.2,541.32 1 0
vigilprotector.io/netshield/internal/store/finding.go:541.32,543.3 1 0
vigilprotector.io/netshield/internal/store/finding.go:545.2,545.32 1 0
vigilprotector.io/netshield/internal/store/finding.go:545.32,547.3 1 0
vigilprotector.io/netshield/internal/store/finding.go:549.2,549.33 1 0
vigilprotector.io/netshield/internal/store/finding.go:549.33,551.3 1 0
vigilprotector.io/netshield/internal/store/finding.go:553.2,553.36 1 0
vigilprotector.io/netshield/internal/store/finding.go:553.36,555.3 1 0
vigilprotector.io/netshield/internal/store/finding.go:557.2,557.33 1 0
vigilprotector.io/netshield/internal/store/finding.go:557.33,559.3 1 0
vigilprotector.io/netshield/internal/store/finding.go:562.2,563.16 2 0
vigilprotector.io/netshield/internal/store/finding.go:563.16,565.3 1 0
vigilprotector.io/netshield/internal/store/finding.go:568.2,569.20 2 0
vigilprotector.io/netshield/internal/store/finding.go:569.20,571.3 1 0
vigilprotector.io/netshield/internal/store/finding.go:573.2,573.21 1 0
vigilprotector.io/netshield/internal/store/finding.go:573.21,575.3 1 0
vigilprotector.io/netshield/internal/store/finding.go:578.2,579.18 2 0
vigilprotector.io/netshield/internal/store/finding.go:579.18,581.3 1 0
vigilprotector.io/netshield/internal/store/finding.go:583.2,584.19 2 0
vigilprotector.io/netshield/internal/store/finding.go:584.19,586.3 1 0
vigilprotector.io/netshield/internal/store/finding.go:588.2,592.16 3 0
vigilprotector.io/netshield/internal/store/finding.go:592.16,594.3 1 0
vigilprotector.io/netshield/internal/store/finding.go:595.2,600.23 3 0
vigilprotector.io/netshield/internal/store/finding.go:600.23,602.49 2 0
vigilprotector.io/netshield/internal/store/finding.go:602.49,604.4 1 0
vigilprotector.io/netshield/internal/store/finding.go:606.3,606.40 1 0
vigilprotector.io/netshield/internal/store/finding.go:609.2,609.37 1 0
vigilprotector.io/netshield/internal/store/finding.go:609.37,611.3 1 0
vigilprotector.io/netshield/internal/store/finding.go:613.2,618.8 1 0
vigilprotector.io/netshield/internal/store/finding.go:626.40,633.35 3 0
vigilprotector.io/netshield/internal/store/finding.go:633.35,635.3 1 0
vigilprotector.io/netshield/internal/store/finding.go:637.2,637.31 1 0
vigilprotector.io/netshield/internal/store/finding.go:637.31,639.3 1 0
vigilprotector.io/netshield/internal/store/finding.go:641.2,641.32 1 0
vigilprotector.io/netshield/internal/store/finding.go:641.32,643.3 1 0
vigilprotector.io/netshield/internal/store/finding.go:645.2,645.32 1 0
vigilprotector.io/netshield/internal/store/finding.go:645.32,647.3 1 0
vigilprotector.io/netshield/internal/store/finding.go:649.2,649.33 1 0
vigilprotector.io/netshield/internal/store/finding.go:649.33,651.3 1 0
vigilprotector.io/netshield/internal/store/finding.go:653.2,653.36 1 0
vigilprotector.io/netshield/internal/store/finding.go:653.36,655.3 1 0
vigilprotector.io/netshield/internal/store/finding.go:658.2,659.16 2 0
vigilprotector.io/netshield/internal/store/finding.go:659.16,661.3 1 0
vigilprotector.io/netshield/internal/store/finding.go:664.2,665.20 2 0
vigilprotector.io/netshield/internal/store/finding.go:665.20,667.3 1 0
vigilprotector.io/netshield/internal/store/finding.go:669.2,669.21 1 0
vigilprotector.io/netshield/internal/store/finding.go:669.21,671.3 1 0
vigilprotector.io/netshield/internal/store/finding.go:674.2,675.18 2 0
vigilprotector.io/netshield/internal/store/finding.go:675.18,677.3 1 0
vigilprotector.io/netshield/internal/store/finding.go:679.2,680.19 2 0
vigilprotector.io/netshield/internal/store/finding.go:680.19,682.3 1 0
vigilprotector.io/netshield/internal/store/finding.go:684.2,688.16 3 0
vigilprotector.io/netshield/internal/store/finding.go:688.16,690.3 1 0
vigilprotector.io/netshield/internal/store/finding.go:691.2,696.23 3 0
vigilprotector.io/netshield/internal/store/finding.go:696.23,698.49 2 0
vigilprotector.io/netshield/internal/store/finding.go:698.49,700.4 1 0
vigilprotector.io/netshield/internal/store/finding.go:702.3,702.40 1 0
vigilprotector.io/netshield/internal/store/finding.go:705.2,705.37 1 0
vigilprotector.io/netshield/internal/store/finding.go:705.37,707.3 1 0
vigilprotector.io/netshield/internal/store/finding.go:709.2,714.8 1 0
vigilprotector.io/netshield/internal/store/finding.go:718.63,811.16 16 0
vigilprotector.io/netshield/internal/store/finding.go:811.16,813.3 1 0
vigilprotector.io/netshield/internal/store/finding.go:815.2,815.12 1 0
vigilprotector.io/netshield/internal/store/ruleset.go:38.86,43.2 1 0
vigilprotector.io/netshield/internal/store/ruleset.go:50.40,60.21 3 0
vigilprotector.io/netshield/internal/store/ruleset.go:60.21,62.3 1 0
vigilprotector.io/netshield/internal/store/ruleset.go:64.2,64.24 1 0
vigilprotector.io/netshield/internal/store/ruleset.go:64.24,66.3 1 0
vigilprotector.io/netshield/internal/store/ruleset.go:68.2,68.23 1 0
vigilprotector.io/netshield/internal/store/ruleset.go:68.23,70.3 1 0
vigilprotector.io/netshield/internal/store/ruleset.go:72.2,72.25 1 0
vigilprotector.io/netshield/internal/store/ruleset.go:72.25,74.3 1 0
vigilprotector.io/netshield/internal/store/ruleset.go:77.2,78.16 2 0
vigilprotector.io/netshield/internal/store/ruleset.go:78.16,80.3 1 0
vigilprotector.io/netshield/internal/store/ruleset.go:83.2,87.16 3 0
vigilprotector.io/netshield/internal/store/ruleset.go:87.16,89.3 1 0
vigilprotector.io/netshield/internal/store/ruleset.go:90.2,95.23 3 0
vigilprotector.io/netshield/internal/store/ruleset.go:95.23,97.49 2 0
vigilprotector.io/netshield/internal/store/ruleset.go:97.49,99.4 1 0
vigilprotector.io/netshield/internal/store/ruleset.go:101.3,101.40 1 0
vigilprotector.io/netshield/internal/store/ruleset.go:104.2,104.37 1 0
vigilprotector.io/netshield/internal/store/ruleset.go:104.37,106.3 1 0
vigilprotector.io/netshield/internal/store/ruleset.go:108.2,113.8 1 0
vigilprotector.io/netshield/internal/store/ruleset.go:121.28,125.16 3 0
vigilprotector.io/netshield/internal/store/ruleset.go:125.16,127.3 1 0
vigilprotector.io/netshield/internal/store/ruleset.go:129.2,134.16 4 0
vigilprotector.io/netshield/internal/store/ruleset.go:134.16,135.43 1 0
vigilprotector.io/netshield/internal/store/ruleset.go:135.43,137.4 1 0
vigilprotector.io/netshield/internal/store/ruleset.go:139.3,139.66 1 0
vigilprotector.io/netshield/internal/store/ruleset.go:142.2,142.22 1 0
vigilprotector.io/netshield/internal/store/ruleset.go:150.28,158.16 5 0
vigilprotector.io/netshield/internal/store/ruleset.go:158.16,159.43 1 0
vigilprotector.io/netshield/internal/store/ruleset.go:159.43,161.4 1 0
vigilprotector.io/netshield/internal/store/ruleset.go:163.3,163.68 1 0
vigilprotector.io/netshield/internal/store/ruleset.go:166.2,166.22 1 0
vigilprotector.io/netshield/internal/store/ruleset.go:173.28,184.16 5 0
vigilprotector.io/netshield/internal/store/ruleset.go:184.16,185.43 1 0
vigilprotector.io/netshield/internal/store/ruleset.go:185.43,187.4 1 0
vigilprotector.io/netshield/internal/store/ruleset.go:189.3,189.68 1 0
vigilprotector.io/netshield/internal/store/ruleset.go:192.2,192.22 1 0
vigilprotector.io/netshield/internal/store/ruleset.go:200.9,208.16 3 0
vigilprotector.io/netshield/internal/store/ruleset.go:208.16,211.33 2 0
vigilprotector.io/netshield/internal/store/ruleset.go:211.33,212.45 1 0
vigilprotector.io/netshield/internal/store/ruleset.go:212.45,213.25 1 0
vigilprotector.io/netshield/internal/store/ruleset.go:213.25,215.6 1 0
vigilprotector.io/netshield/internal/store/ruleset.go:219.3,219.58 1 0
vigilprotector.io/netshield/internal/store/ruleset.go:222.2,222.12 1 0
vigilprotector.io/netshield/internal/store/ruleset.go:230.9,254.16 5 0
vigilprotector.io/netshield/internal/store/ruleset.go:254.16,256.3 1 0
vigilprotector.io/netshield/internal/store/ruleset.go:258.2,258.30 1 0
vigilprotector.io/netshield/internal/store/ruleset.go:258.30,260.3 1 0
vigilprotector.io/netshield/internal/store/ruleset.go:262.2,262.12 1 0
vigilprotector.io/netshield/internal/store/ruleset.go:270.9,274.16 3 0
vigilprotector.io/netshield/internal/store/ruleset.go:274.16,276.3 1 0
vigilprotector.io/netshield/internal/store/ruleset.go:278.2,281.16 3 0
vigilprotector.io/netshield/internal/store/ruleset.go:281.16,283.3 1 0
vigilprotector.io/netshield/internal/store/ruleset.go:285.2,285.30 1 0
vigilprotector.io/netshield/internal/store/ruleset.go:285.30,287.3 1 0
vigilprotector.io/netshield/internal/store/ruleset.go:289.2,289.12 1 0
vigilprotector.io/netshield/internal/store/ruleset.go:298.30,307.19 3 0
vigilprotector.io/netshield/internal/store/ruleset.go:308.30,310.48 1 0
vigilprotector.io/netshield/internal/store/ruleset.go:311.38,319.4 1 0
vigilprotector.io/netshield/internal/store/ruleset.go:320.41,332.4 1 0
vigilprotector.io/netshield/internal/store/ruleset.go:336.2,339.16 3 0
vigilprotector.io/netshield/internal/store/ruleset.go:339.16,341.3 1 0
vigilprotector.io/netshield/internal/store/ruleset.go:342.2,346.23 3 0
vigilprotector.io/netshield/internal/store/ruleset.go:346.23,348.49 2 0
vigilprotector.io/netshield/internal/store/ruleset.go:348.49,350.4 1 0
vigilprotector.io/netshield/internal/store/ruleset.go:352.3,352.40 1 0
vigilprotector.io/netshield/internal/store/ruleset.go:355.2,355.37 1 0
vigilprotector.io/netshield/internal/store/ruleset.go:355.37,357.3 1 0
vigilprotector.io/netshield/internal/store/ruleset.go:359.2,359.22 1 0
vigilprotector.io/netshield/internal/store/ruleset.go:363.63,421.16 11 0
vigilprotector.io/netshield/internal/store/ruleset.go:421.16,423.3 1 0
vigilprotector.io/netshield/internal/store/ruleset.go:425.2,425.12 1 0
vigilprotector.io/netshield/internal/store/sensor.go:36.84,41.2 1 0
vigilprotector.io/netshield/internal/store/sensor.go:48.39,59.32 3 0
vigilprotector.io/netshield/internal/store/sensor.go:59.32,61.3 1 0
vigilprotector.io/netshield/internal/store/sensor.go:63.2,63.30 1 0
vigilprotector.io/netshield/internal/store/sensor.go:63.30,65.3 1 0
vigilprotector.io/netshield/internal/store/sensor.go:67.2,67.30 1 0
vigilprotector.io/netshield/internal/store/sensor.go:67.30,69.3 1 0
vigilprotector.io/netshield/internal/store/sensor.go:72.2,73.16 2 0
vigilprotector.io/netshield/internal/store/sensor.go:73.16,75.3 1 0
vigilprotector.io/netshield/internal/store/sensor.go:78.2,79.20 2 0
vigilprotector.io/netshield/internal/store/sensor.go:79.20,81.3 1 0
vigilprotector.io/netshield/internal/store/sensor.go:83.2,83.21 1 0
vigilprotector.io/netshield/internal/store/sensor.go:83.21,85.3 1 0
vigilprotector.io/netshield/internal/store/sensor.go:88.2,89.16 2 0
vigilprotector.io/netshield/internal/store/sensor.go:89.16,91.3 1 0
vigilprotector.io/netshield/internal/store/sensor.go:92.2,97.23 3 0
vigilprotector.io/netshield/internal/store/sensor.go:97.23,99.48 2 0
vigilprotector.io/netshield/internal/store/sensor.go:99.48,101.4 1 0
vigilprotector.io/netshield/internal/store/sensor.go:103.3,103.37 1 0
vigilprotector.io/netshield/internal/store/sensor.go:106.2,106.37 1 0
vigilprotector.io/netshield/internal/store/sensor.go:106.37,108.3 1 0
vigilprotector.io/netshield/internal/store/sensor.go:110.2,115.8 1 0
vigilprotector.io/netshield/internal/store/sensor.go:123.27,131.16 5 0
vigilprotector.io/netshield/internal/store/sensor.go:131.16,132.43 1 0
vigilprotector.io/netshield/internal/store/sensor.go:132.43,134.4 1 0
vigilprotector.io/netshield/internal/store/sensor.go:136.3,136.70 1 0
vigilprotector.io/netshield/internal/store/sensor.go:139.2,139.21 1 0
vigilprotector.io/netshield/internal/store/sensor.go:147.9,154.16 3 0
vigilprotector.io/netshield/internal/store/sensor.go:154.16,157.33 2 0
vigilprotector.io/netshield/internal/store/sensor.go:157.33,158.45 1 0
vigilprotector.io/netshield/internal/store/sensor.go:158.45,159.25 1 0
vigilprotector.io/netshield/internal/store/sensor.go:159.25,161.6 1 0
vigilprotector.io/netshield/internal/store/sensor.go:165.3,165.56 1 0
vigilprotector.io/netshield/internal/store/sensor.go:168.2,168.12 1 0
vigilprotector.io/netshield/internal/store/sensor.go:176.9,200.16 5 0
vigilprotector.io/netshield/internal/store/sensor.go:200.16,202.3 1 0
vigilprotector.io/netshield/internal/store/sensor.go:204.2,204.30 1 0
vigilprotector.io/netshield/internal/store/sensor.go:204.30,206.3 1 0
vigilprotector.io/netshield/internal/store/sensor.go:208.2,208.12 1 0
vigilprotector.io/netshield/internal/store/sensor.go:216.29,222.16 4 0
vigilprotector.io/netshield/internal/store/sensor.go:222.16,224.3 1 0
vigilprotector.io/netshield/internal/store/sensor.go:225.2,229.23 3 0
vigilprotector.io/netshield/internal/store/sensor.go:229.23,231.48 2 0
vigilprotector.io/netshield/internal/store/sensor.go:231.48,233.4 1 0
vigilprotector.io/netshield/internal/store/sensor.go:235.3,235.37 1 0
vigilprotector.io/netshield/internal/store/sensor.go:238.2,238.37 1 0
vigilprotector.io/netshield/internal/store/sensor.go:238.37,240.3 1 0
vigilprotector.io/netshield/internal/store/sensor.go:242.2,242.21 1 0
vigilprotector.io/netshield/internal/store/sensor.go:246.62,287.16 8 0
vigilprotector.io/netshield/internal/store/sensor.go:287.16,289.3 1 0
vigilprotector.io/netshield/internal/store/sensor.go:291.2,291.12 1 0
